<?xml version="1.0" encoding="UTF-8"?>
<testsuite name="com.amicom.AmicomHomepageApplicationTests" tests="1" skipped="0" failures="0" errors="0" timestamp="2016-10-04T08:46:21" hostname="kims-MacBook-Pro.local" time="0.005">
  <properties/>
  <testcase name="contextLoads" classname="com.amicom.AmicomHomepageApplicationTests" time="0.005"/>
  <system-out><![CDATA[17:46:08.213 [Test worker] DEBUG o.s.t.c.j.SpringJUnit4ClassRunner - SpringJUnit4ClassRunner constructor called with [class com.amicom.AmicomHomepageApplicationTests]
17:46:08.220 [Test worker] DEBUG o.s.test.context.BootstrapUtils - Instantiating CacheAwareContextLoaderDelegate from class [org.springframework.test.context.cache.DefaultCacheAwareContextLoaderDelegate]
17:46:08.228 [Test worker] DEBUG o.s.test.context.BootstrapUtils - Instantiating BootstrapContext using constructor [public org.springframework.test.context.support.DefaultBootstrapContext(java.lang.Class,org.springframework.test.context.CacheAwareContextLoaderDelegate)]
17:46:08.246 [Test worker] DEBUG o.s.test.context.BootstrapUtils - Instantiating TestContextBootstrapper for test class [com.amicom.AmicomHomepageApplicationTests] from class [org.springframework.test.context.web.WebTestContextBootstrapper]
17:46:08.276 [Test worker] DEBUG o.s.t.c.w.WebTestContextBootstrapper - Found explicit ContextLoader class [org.springframework.boot.test.SpringApplicationContextLoader] for context configuration attributes [ContextConfigurationAttributes@20d294e declaringClass = 'com.amicom.AmicomHomepageApplicationTests', classes = '{class com.amicom.AmicomHomepageApplication}', locations = '{}', inheritLocations = true, initializers = '{}', inheritInitializers = true, name = [null], contextLoaderClass = 'org.springframework.boot.test.SpringApplicationContextLoader']
17:46:08.286 [Test worker] DEBUG o.s.t.c.s.AbstractContextLoader - Did not detect default resource location for test class [com.amicom.AmicomHomepageApplicationTests]: class path resource [com/amicom/AmicomHomepageApplicationTests-context.xml] does not exist
17:46:08.287 [Test worker] DEBUG o.s.t.c.s.AbstractContextLoader - Did not detect default resource location for test class [com.amicom.AmicomHomepageApplicationTests]: class path resource [com/amicom/AmicomHomepageApplicationTestsContext.groovy] does not exist
17:46:08.287 [Test worker] INFO  o.s.t.c.s.AbstractContextLoader - Could not detect default resource locations for test class [com.amicom.AmicomHomepageApplicationTests]: no resource found for suffixes {-context.xml, Context.groovy}.
17:46:08.290 [Test worker] DEBUG o.s.t.c.support.ActiveProfilesUtils - Could not find an 'annotation declaring class' for annotation type [org.springframework.test.context.ActiveProfiles] and class [com.amicom.AmicomHomepageApplicationTests]
17:46:08.295 [Test worker] DEBUG o.s.t.c.w.WebTestContextBootstrapper - @TestExecutionListeners is not present for class [com.amicom.AmicomHomepageApplicationTests]: using defaults.
17:46:08.307 [Test worker] INFO  o.s.t.c.w.WebTestContextBootstrapper - Loaded default TestExecutionListener class names from location [META-INF/spring.factories]: [org.springframework.test.context.web.ServletTestExecutionListener, org.springframework.test.context.support.DirtiesContextBeforeModesTestExecutionListener, org.springframework.test.context.support.DependencyInjectionTestExecutionListener, org.springframework.test.context.support.DirtiesContextTestExecutionListener, org.springframework.test.context.transaction.TransactionalTestExecutionListener, org.springframework.test.context.jdbc.SqlScriptsTestExecutionListener]
17:46:08.335 [Test worker] INFO  o.s.t.c.w.WebTestContextBootstrapper - Using TestExecutionListeners: [org.springframework.test.context.web.ServletTestExecutionListener@3b10bcc0, org.springframework.test.context.support.DirtiesContextBeforeModesTestExecutionListener@4b2cc880, org.springframework.test.context.support.DependencyInjectionTestExecutionListener@23835876, org.springframework.test.context.support.DirtiesContextTestExecutionListener@47330dc5, org.springframework.test.context.transaction.TransactionalTestExecutionListener@79fb5f5f, org.springframework.test.context.jdbc.SqlScriptsTestExecutionListener@543ee028]
17:46:08.340 [Test worker] DEBUG o.s.t.annotation.ProfileValueUtils - Retrieved @ProfileValueSourceConfiguration [null] for test class [com.amicom.AmicomHomepageApplicationTests]
17:46:08.341 [Test worker] DEBUG o.s.t.annotation.ProfileValueUtils - Retrieved ProfileValueSource type [class org.springframework.test.annotation.SystemProfileValueSource] for class [com.amicom.AmicomHomepageApplicationTests]
17:46:08.343 [Test worker] DEBUG o.s.t.annotation.ProfileValueUtils - Retrieved @ProfileValueSourceConfiguration [null] for test class [com.amicom.AmicomHomepageApplicationTests]
17:46:08.343 [Test worker] DEBUG o.s.t.annotation.ProfileValueUtils - Retrieved ProfileValueSource type [class org.springframework.test.annotation.SystemProfileValueSource] for class [com.amicom.AmicomHomepageApplicationTests]
17:46:08.348 [Test worker] DEBUG o.s.t.c.s.AbstractDirtiesContextTestExecutionListener - Before test class: context [DefaultTestContext@4f062ba6 testClass = AmicomHomepageApplicationTests, testInstance = [null], testMethod = [null], testException = [null], mergedContextConfiguration = [WebMergedContextConfiguration@cbb4c31 testClass = AmicomHomepageApplicationTests, locations = '{}', classes = '{class com.amicom.AmicomHomepageApplication}', contextInitializerClasses = '[]', activeProfiles = '{}', propertySourceLocations = '{}', propertySourceProperties = '{}', resourceBasePath = 'src/main/webapp', contextLoader = 'org.springframework.boot.test.SpringApplicationContextLoader', parent = [null]]], class annotated with @DirtiesContext [false] with mode [null].
17:46:08.350 [Test worker] DEBUG o.s.t.annotation.ProfileValueUtils - Retrieved @ProfileValueSourceConfiguration [null] for test class [com.amicom.AmicomHomepageApplicationTests]
17:46:08.350 [Test worker] DEBUG o.s.t.annotation.ProfileValueUtils - Retrieved ProfileValueSource type [class org.springframework.test.annotation.SystemProfileValueSource] for class [com.amicom.AmicomHomepageApplicationTests]
17:46:08.452 [Test worker] DEBUG o.s.core.env.StandardEnvironment - Adding [systemProperties] PropertySource with lowest search precedence
17:46:08.454 [Test worker] DEBUG o.s.core.env.StandardEnvironment - Adding [systemEnvironment] PropertySource with lowest search precedence
17:46:08.455 [Test worker] DEBUG o.s.core.env.StandardEnvironment - Initialized StandardEnvironment with PropertySources [systemProperties,systemEnvironment]
17:46:08.458 [Test worker] DEBUG o.s.core.env.StandardEnvironment - Adding [integrationTest] PropertySource with search precedence immediately lower than [systemEnvironment]

  .   ____          _            __ _ _
 /\\ / ___'_ __ _ _(_)_ __  __ _ \ \ \ \
( ( )\___ | '_ | '_| | '_ \/ _` | \ \ \ \
 \\/  ___)| |_)| | | | | || (_| |  ) ) ) )
  '  |____| .__|_| |_|_| |_\__, | / / / /
 =========|_|==============|___/=/_/_/_/
 :: Spring Boot ::        (v1.3.2.RELEASE)

2016-10-04 17:46:09.128  INFO 8168 --- [    Test worker] c.amicom.AmicomHomepageApplicationTests  : Starting AmicomHomepageApplicationTests on kims-MacBook-Pro.local with PID 8168 (/Users/kimkunwoo/Documents/Amicom/AmicomHomepage/build/classes/test started by kimkunwoo in /Users/kimkunwoo/Documents/Amicom/AmicomHomepage)
2016-10-04 17:46:09.129  INFO 8168 --- [    Test worker] c.amicom.AmicomHomepageApplicationTests  : No active profile set, falling back to default profiles: default
2016-10-04 17:46:09.497  INFO 8168 --- [    Test worker] o.s.w.c.s.GenericWebApplicationContext   : Refreshing org.springframework.web.context.support.GenericWebApplicationContext@6ede62f4: startup date [Tue Oct 04 17:46:09 KST 2016]; root of context hierarchy
2016-10-04 17:46:11.559  INFO 8168 --- [    Test worker] o.s.b.f.s.DefaultListableBeanFactory     : Overriding bean definition for bean 'managementServletContext' with a different definition: replacing [Root bean: class [null]; scope=; abstract=false; lazyInit=false; autowireMode=3; dependencyCheck=0; autowireCandidate=true; primary=false; factoryBeanName=org.springframework.boot.actuate.autoconfigure.EndpointWebMvcHypermediaManagementContextConfiguration; factoryMethodName=managementServletContext; initMethodName=null; destroyMethodName=(inferred); defined in class path resource [org/springframework/boot/actuate/autoconfigure/EndpointWebMvcHypermediaManagementContextConfiguration.class]] with [Root bean: class [null]; scope=; abstract=false; lazyInit=false; autowireMode=3; dependencyCheck=0; autowireCandidate=true; primary=false; factoryBeanName=org.springframework.boot.actuate.autoconfigure.EndpointWebMvcAutoConfiguration; factoryMethodName=managementServletContext; initMethodName=null; destroyMethodName=(inferred); defined in class path resource [org/springframework/boot/actuate/autoconfigure/EndpointWebMvcAutoConfiguration.class]]
2016-10-04 17:46:12.501  INFO 8168 --- [    Test worker] trationDelegate$BeanPostProcessorChecker : Bean 'org.springframework.transaction.annotation.ProxyTransactionManagementConfiguration' of type [class org.springframework.transaction.annotation.ProxyTransactionManagementConfiguration$$EnhancerBySpringCGLIB$$3c71a77] is not eligible for getting processed by all BeanPostProcessors (for example: not eligible for auto-proxying)
2016-10-04 17:46:14.253  INFO 8168 --- [    Test worker] j.LocalContainerEntityManagerFactoryBean : Building JPA container EntityManagerFactory for persistence unit 'default'
2016-10-04 17:46:14.303  INFO 8168 --- [    Test worker] o.hibernate.jpa.internal.util.LogHelper  : HHH000204: Processing PersistenceUnitInfo [
	name: default
	...]
2016-10-04 17:46:14.467  INFO 8168 --- [    Test worker] org.hibernate.Version                    : HHH000412: Hibernate Core {4.3.11.Final}
2016-10-04 17:46:14.471  INFO 8168 --- [    Test worker] org.hibernate.cfg.Environment            : HHH000206: hibernate.properties not found
2016-10-04 17:46:14.476  INFO 8168 --- [    Test worker] org.hibernate.cfg.Environment            : HHH000021: Bytecode provider name : javassist
2016-10-04 17:46:14.782  INFO 8168 --- [    Test worker] o.hibernate.annotations.common.Version   : HCANN000001: Hibernate Commons Annotations {4.0.5.Final}
2016-10-04 17:46:14.888  INFO 8168 --- [    Test worker] org.hibernate.dialect.Dialect            : HHH000400: Using dialect: org.hibernate.dialect.MySQL5Dialect
2016-10-04 17:46:15.218  INFO 8168 --- [    Test worker] o.h.h.i.ast.ASTQueryTranslatorFactory    : HHH000397: Using ASTQueryTranslatorFactory
2016-10-04 17:46:15.802  INFO 8168 --- [    Test worker] org.hibernate.tool.hbm2ddl.SchemaUpdate  : HHH000228: Running hbm2ddl schema update
2016-10-04 17:46:15.802  INFO 8168 --- [    Test worker] org.hibernate.tool.hbm2ddl.SchemaUpdate  : HHH000102: Fetching database metadata
2016-10-04 17:46:15.804  INFO 8168 --- [    Test worker] org.hibernate.tool.hbm2ddl.SchemaUpdate  : HHH000396: Updating schema
2016-10-04 17:46:15.831  INFO 8168 --- [    Test worker] o.hibernate.tool.hbm2ddl.TableMetadata   : HHH000261: Table found: amicomjpa.amicom_member
2016-10-04 17:46:15.831  INFO 8168 --- [    Test worker] o.hibernate.tool.hbm2ddl.TableMetadata   : HHH000037: Columns: [birthday, time_stamp, uuid, enabled, obyb, senior, password, major, student_number, authority, name, cellphone, job, username]
2016-10-04 17:46:15.832  INFO 8168 --- [    Test worker] o.hibernate.tool.hbm2ddl.TableMetadata   : HHH000108: Foreign keys: []
2016-10-04 17:46:15.832  INFO 8168 --- [    Test worker] o.hibernate.tool.hbm2ddl.TableMetadata   : HHH000126: Indexes: [primary]
2016-10-04 17:46:15.840  INFO 8168 --- [    Test worker] o.hibernate.tool.hbm2ddl.TableMetadata   : HHH000261: Table found: amicomjpa.board_chart
2016-10-04 17:46:15.841  INFO 8168 --- [    Test worker] o.hibernate.tool.hbm2ddl.TableMetadata   : HHH000037: Columns: [board_name, type]
2016-10-04 17:46:15.843  INFO 8168 --- [    Test worker] o.hibernate.tool.hbm2ddl.TableMetadata   : HHH000108: Foreign keys: []
2016-10-04 17:46:15.844  INFO 8168 --- [    Test worker] o.hibernate.tool.hbm2ddl.TableMetadata   : HHH000126: Indexes: [primary]
2016-10-04 17:46:15.854  INFO 8168 --- [    Test worker] o.hibernate.tool.hbm2ddl.TableMetadata   : HHH000261: Table found: amicomjpa.image_board
2016-10-04 17:46:15.854  INFO 8168 --- [    Test worker] o.hibernate.tool.hbm2ddl.TableMetadata   : HHH000037: Columns: [amicom_memberid, board_name, time_stamp, board_id, title, content]
2016-10-04 17:46:15.854  INFO 8168 --- [    Test worker] o.hibernate.tool.hbm2ddl.TableMetadata   : HHH000108: Foreign keys: [fk_b779kx15r9a06bcnmpfulkhbs, fk_swynl9nfdlrlji6k6gd300m3f]
2016-10-04 17:46:15.855  INFO 8168 --- [    Test worker] o.hibernate.tool.hbm2ddl.TableMetadata   : HHH000126: Indexes: [fk_b779kx15r9a06bcnmpfulkhbs, primary, fk_swynl9nfdlrlji6k6gd300m3f]
2016-10-04 17:46:15.863  INFO 8168 --- [    Test worker] o.hibernate.tool.hbm2ddl.TableMetadata   : HHH000261: Table found: amicomjpa.image_file_meta
2016-10-04 17:46:15.863  INFO 8168 --- [    Test worker] o.hibernate.tool.hbm2ddl.TableMetadata   : HHH000037: Columns: [time_stamp, file_name, file_type, boardid, file_metaid, file_size]
2016-10-04 17:46:15.864  INFO 8168 --- [    Test worker] o.hibernate.tool.hbm2ddl.TableMetadata   : HHH000108: Foreign keys: [fk_e74qcxk2himojv3bd708dxx35]
2016-10-04 17:46:15.864  INFO 8168 --- [    Test worker] o.hibernate.tool.hbm2ddl.TableMetadata   : HHH000126: Indexes: [uk_e74qcxk2himojv3bd708dxx35, primary]
2016-10-04 17:46:15.874  INFO 8168 --- [    Test worker] o.hibernate.tool.hbm2ddl.TableMetadata   : HHH000261: Table found: amicomjpa.image_reply
2016-10-04 17:46:15.874  INFO 8168 --- [    Test worker] o.hibernate.tool.hbm2ddl.TableMetadata   : HHH000037: Columns: [reply_id, time_stamp, boardid, content, username]
2016-10-04 17:46:15.875  INFO 8168 --- [    Test worker] o.hibernate.tool.hbm2ddl.TableMetadata   : HHH000108: Foreign keys: [fk_dkwlowi3o9lwjhmvgyg37au13, fk_29wvgjwy10g1hcm6yjy0xocmh]
2016-10-04 17:46:15.876  INFO 8168 --- [    Test worker] o.hibernate.tool.hbm2ddl.TableMetadata   : HHH000126: Indexes: [fk_dkwlowi3o9lwjhmvgyg37au13, primary, fk_29wvgjwy10g1hcm6yjy0xocmh]
2016-10-04 17:46:15.887  INFO 8168 --- [    Test worker] o.hibernate.tool.hbm2ddl.TableMetadata   : HHH000261: Table found: amicomjpa.login
2016-10-04 17:46:15.888  INFO 8168 --- [    Test worker] o.hibernate.tool.hbm2ddl.TableMetadata   : HHH000037: Columns: [password, username]
2016-10-04 17:46:15.888  INFO 8168 --- [    Test worker] o.hibernate.tool.hbm2ddl.TableMetadata   : HHH000108: Foreign keys: []
2016-10-04 17:46:15.888  INFO 8168 --- [    Test worker] o.hibernate.tool.hbm2ddl.TableMetadata   : HHH000126: Indexes: [primary]
2016-10-04 17:46:15.901  INFO 8168 --- [    Test worker] o.hibernate.tool.hbm2ddl.TableMetadata   : HHH000261: Table found: amicomjpa.normal_board
2016-10-04 17:46:15.902  INFO 8168 --- [    Test worker] o.hibernate.tool.hbm2ddl.TableMetadata   : HHH000037: Columns: [amicom_memberid, board_name, highlight, time_stamp, board_id, title, content]
2016-10-04 17:46:15.903  INFO 8168 --- [    Test worker] o.hibernate.tool.hbm2ddl.TableMetadata   : HHH000108: Foreign keys: [fk_iv7jolxyqvmbckfps5pepxvy0, fk_nt2idncrc6iq40hvcw9w0tt0m]
2016-10-04 17:46:15.903  INFO 8168 --- [    Test worker] o.hibernate.tool.hbm2ddl.TableMetadata   : HHH000126: Indexes: [fk_iv7jolxyqvmbckfps5pepxvy0, fk_nt2idncrc6iq40hvcw9w0tt0m, primary]
2016-10-04 17:46:15.913  INFO 8168 --- [    Test worker] o.hibernate.tool.hbm2ddl.TableMetadata   : HHH000261: Table found: amicomjpa.normal_file_meta
2016-10-04 17:46:15.913  INFO 8168 --- [    Test worker] o.hibernate.tool.hbm2ddl.TableMetadata   : HHH000037: Columns: [time_stamp, file_name, file_type, boardid, file_metaid, file_size]
2016-10-04 17:46:15.914  INFO 8168 --- [    Test worker] o.hibernate.tool.hbm2ddl.TableMetadata   : HHH000108: Foreign keys: [fk_rmu8w3agby8mg9d2yp7rly69c]
2016-10-04 17:46:15.914  INFO 8168 --- [    Test worker] o.hibernate.tool.hbm2ddl.TableMetadata   : HHH000126: Indexes: [fk_rmu8w3agby8mg9d2yp7rly69c, primary]
2016-10-04 17:46:15.923  INFO 8168 --- [    Test worker] o.hibernate.tool.hbm2ddl.TableMetadata   : HHH000261: Table found: amicomjpa.normal_reply
2016-10-04 17:46:15.923  INFO 8168 --- [    Test worker] o.hibernate.tool.hbm2ddl.TableMetadata   : HHH000037: Columns: [reply_id, time_stamp, boardid, content, username]
2016-10-04 17:46:15.923  INFO 8168 --- [    Test worker] o.hibernate.tool.hbm2ddl.TableMetadata   : HHH000108: Foreign keys: [fk_dhtroi8euv68ig09j3a28qll7, fk_9ryofu4vvihdqssjcbehe145e]
2016-10-04 17:46:15.923  INFO 8168 --- [    Test worker] o.hibernate.tool.hbm2ddl.TableMetadata   : HHH000126: Indexes: [fk_dhtroi8euv68ig09j3a28qll7, fk_9ryofu4vvihdqssjcbehe145e, primary]
2016-10-04 17:46:15.933  INFO 8168 --- [    Test worker] o.hibernate.tool.hbm2ddl.TableMetadata   : HHH000261: Table found: amicomjpa.hibernate_sequences
2016-10-04 17:46:15.933  INFO 8168 --- [    Test worker] o.hibernate.tool.hbm2ddl.TableMetadata   : HHH000037: Columns: [sequence_next_hi_value, sequence_name]
2016-10-04 17:46:15.933  INFO 8168 --- [    Test worker] o.hibernate.tool.hbm2ddl.TableMetadata   : HHH000108: Foreign keys: []
2016-10-04 17:46:15.933  INFO 8168 --- [    Test worker] o.hibernate.tool.hbm2ddl.TableMetadata   : HHH000126: Indexes: []
2016-10-04 17:46:15.934  INFO 8168 --- [    Test worker] org.hibernate.tool.hbm2ddl.SchemaUpdate  : HHH000232: Schema update complete
2016-10-04 17:46:17.494  INFO 8168 --- [    Test worker] o.s.b.f.config.PropertiesFactoryBean     : Loading properties file from class path resource [rest-default-messages.properties]
2016-10-04 17:46:18.296  INFO 8168 --- [    Test worker] o.s.s.web.DefaultSecurityFilterChain     : Creating filter chain: OrRequestMatcher [requestMatchers=[Ant [pattern='/css/**'], Ant [pattern='/js/**'], Ant [pattern='/images/**'], Ant [pattern='/**/favicon.ico'], Ant [pattern='/error']]], []
2016-10-04 17:46:18.297  INFO 8168 --- [    Test worker] o.s.s.web.DefaultSecurityFilterChain     : Creating filter chain: Ant [pattern='/webjars/**'], []
2016-10-04 17:46:18.297  INFO 8168 --- [    Test worker] o.s.s.web.DefaultSecurityFilterChain     : Creating filter chain: Ant [pattern='/css/**'], []
2016-10-04 17:46:18.297  INFO 8168 --- [    Test worker] o.s.s.web.DefaultSecurityFilterChain     : Creating filter chain: Ant [pattern='/img/**'], []
2016-10-04 17:46:18.297  INFO 8168 --- [    Test worker] o.s.s.web.DefaultSecurityFilterChain     : Creating filter chain: Ant [pattern='/js/**'], []
2016-10-04 17:46:18.297  INFO 8168 --- [    Test worker] o.s.s.web.DefaultSecurityFilterChain     : Creating filter chain: Ant [pattern='/less/**'], []
2016-10-04 17:46:18.297  INFO 8168 --- [    Test worker] o.s.s.web.DefaultSecurityFilterChain     : Creating filter chain: Ant [pattern='/dist/**'], []
2016-10-04 17:46:18.298  INFO 8168 --- [    Test worker] o.s.s.web.DefaultSecurityFilterChain     : Creating filter chain: Ant [pattern='/bower_components/**'], []
2016-10-04 17:46:18.298  INFO 8168 --- [    Test worker] o.s.s.web.DefaultSecurityFilterChain     : Creating filter chain: Ant [pattern='/normalfile/**'], []
2016-10-04 17:46:18.367  INFO 8168 --- [    Test worker] o.s.s.web.DefaultSecurityFilterChain     : Creating filter chain: org.springframework.boot.actuate.autoconfigure.ManagementWebSecurityAutoConfiguration$LazyEndpointPathRequestMatcher@c2d332, [org.springframework.security.web.context.request.async.WebAsyncManagerIntegrationFilter@68c93a8b, org.springframework.security.web.context.SecurityContextPersistenceFilter@67a7b8e9, org.springframework.security.web.header.HeaderWriterFilter@735b4d87, org.springframework.security.web.authentication.logout.LogoutFilter@1645ad67, org.springframework.security.web.authentication.www.BasicAuthenticationFilter@5ef6c2bb, org.springframework.security.web.savedrequest.RequestCacheAwareFilter@364b47b7, org.springframework.security.web.servletapi.SecurityContextHolderAwareRequestFilter@147ab46f, org.springframework.security.web.authentication.AnonymousAuthenticationFilter@24c45e50, org.springframework.security.web.session.SessionManagementFilter@30a617d3, org.springframework.security.web.access.ExceptionTranslationFilter@31bc8a1b, org.springframework.security.web.access.intercept.FilterSecurityInterceptor@fa0231b]
2016-10-04 17:46:18.391  INFO 8168 --- [    Test worker] o.s.s.web.DefaultSecurityFilterChain     : Creating filter chain: org.springframework.security.web.util.matcher.AnyRequestMatcher@1, [org.springframework.security.web.context.request.async.WebAsyncManagerIntegrationFilter@59ed7b3, org.springframework.security.web.context.SecurityContextPersistenceFilter@6d4b7502, org.springframework.security.web.header.HeaderWriterFilter@dd58ce1, org.springframework.security.web.authentication.logout.LogoutFilter@6945accc, org.springframework.security.web.authentication.UsernamePasswordAuthenticationFilter@709becf, org.springframework.security.web.savedrequest.RequestCacheAwareFilter@70559281, org.springframework.security.web.servletapi.SecurityContextHolderAwareRequestFilter@5146aaee, org.springframework.security.web.authentication.AnonymousAuthenticationFilter@3977c7ef, org.springframework.security.web.session.SessionManagementFilter@2a424f2d, org.springframework.security.web.access.ExceptionTranslationFilter@5289e153, org.springframework.security.web.access.intercept.FilterSecurityInterceptor@1c941d55]
2016-10-04 17:46:18.710  INFO 8168 --- [    Test worker] s.w.s.m.m.a.RequestMappingHandlerAdapter : Looking for @ControllerAdvice: org.springframework.web.context.support.GenericWebApplicationContext@6ede62f4: startup date [Tue Oct 04 17:46:09 KST 2016]; root of context hierarchy
2016-10-04 17:46:18.735  INFO 8168 --- [    Test worker] s.w.s.m.m.a.RequestMappingHandlerAdapter : Detected ResponseBodyAdvice bean in org.springframework.boot.actuate.autoconfigure.EndpointWebMvcHypermediaManagementContextConfiguration$ActuatorEndpointLinksAdvice
2016-10-04 17:46:18.842  INFO 8168 --- [    Test worker] s.w.s.m.m.a.RequestMappingHandlerMapping : Mapped "{[/amicommember/list],methods=[GET]}" onto java.util.List<com.amicom.dao.AmicomMember> com.amicom.controller.AmicomMemberController.list()
2016-10-04 17:46:18.845  INFO 8168 --- [    Test worker] s.w.s.m.m.a.RequestMappingHandlerMapping : Mapped "{[/amicommember/insert],methods=[POST]}" onto java.lang.String com.amicom.controller.AmicomMemberController.insert(com.amicom.dao.AmicomMember,org.springframework.validation.BindingResult,org.springframework.ui.Model)
2016-10-04 17:46:18.846  INFO 8168 --- [    Test worker] s.w.s.m.m.a.RequestMappingHandlerMapping : Mapped "{[/amicommember/insert],methods=[GET]}" onto java.lang.String com.amicom.controller.AmicomMemberController.insert(org.springframework.ui.Model)
2016-10-04 17:46:18.847  INFO 8168 --- [    Test worker] s.w.s.m.m.a.RequestMappingHandlerMapping : Mapped "{[/amicommember/loginForm],methods=[GET]}" onto java.lang.String com.amicom.controller.AmicomMemberController.login(org.springframework.ui.Model)
2016-10-04 17:46:18.848  INFO 8168 --- [    Test worker] s.w.s.m.m.a.RequestMappingHandlerMapping : Mapped "{[/amicommember/isDuplicate],methods=[GET]}" onto boolean com.amicom.controller.AmicomMemberController.isDulplicate(java.lang.String)
2016-10-04 17:46:18.850  INFO 8168 --- [    Test worker] s.w.s.m.m.a.RequestMappingHandlerMapping : Mapped "{[/amicommember/board],methods=[GET]}" onto java.lang.String com.amicom.controller.AmicomMemberController.board(org.springframework.ui.Model,com.amicom.service.security.LoginUserDetails)
2016-10-04 17:46:18.850  INFO 8168 --- [    Test worker] s.w.s.m.m.a.RequestMappingHandlerMapping : Mapped "{[/amicommember/confirm/{uuid}],methods=[GET]}" onto java.lang.String com.amicom.controller.AmicomMemberController.confirm(java.lang.String)
2016-10-04 17:46:18.851  INFO 8168 --- [    Test worker] s.w.s.m.m.a.RequestMappingHandlerMapping : Mapped "{[/amicommember/sendMail],methods=[POST]}" onto java.lang.String com.amicom.controller.AmicomMemberController.sendMail(com.amicom.service.security.LoginUserDetails,com.amicom.controller.form.EmailSendForm)
2016-10-04 17:46:18.852  INFO 8168 --- [    Test worker] s.w.s.m.m.a.RequestMappingHandlerMapping : Mapped "{[/boardlist],methods=[GET]}" onto java.util.Map<com.amicom.dao.en.BoardType, java.util.Collection<java.lang.String>> com.amicom.controller.BoarcChartClass.list()
2016-10-04 17:46:18.854  INFO 8168 --- [    Test worker] s.w.s.m.m.a.RequestMappingHandlerMapping : Mapped "{[/compiler/java]}" onto java.lang.String com.amicom.controller.CompilerController.java()
2016-10-04 17:46:18.855  INFO 8168 --- [    Test worker] s.w.s.m.m.a.RequestMappingHandlerMapping : Mapped "{[/compiler/c_language]}" onto java.lang.String com.amicom.controller.CompilerController.c_language()
2016-10-04 17:46:18.858  INFO 8168 --- [    Test worker] s.w.s.m.m.a.RequestMappingHandlerMapping : Mapped "{[/imageboard/read/detail/{boardId}],methods=[GET]}" onto java.util.List<com.amicom.dao.ImageBoard> com.amicom.controller.ImageBoardController.get(int)
2016-10-04 17:46:18.858  INFO 8168 --- [    Test worker] s.w.s.m.m.a.RequestMappingHandlerMapping : Mapped "{[/imageboard/delete],methods=[POST]}" onto java.lang.String com.amicom.controller.ImageBoardController.delete(java.lang.String,int)
2016-10-04 17:46:18.860  INFO 8168 --- [    Test worker] s.w.s.m.m.a.RequestMappingHandlerMapping : Mapped "{[/imageboard/allList/{boardName}],methods=[GET]}" onto java.util.List<com.amicom.dao.ImageBoard> com.amicom.controller.ImageBoardController.list(java.lang.String)
2016-10-04 17:46:18.860  INFO 8168 --- [    Test worker] s.w.s.m.m.a.RequestMappingHandlerMapping : Mapped "{[/imageboard/size/{boardName}],methods=[GET]}" onto java.util.List com.amicom.controller.ImageBoardController.pageSize(java.lang.String)
2016-10-04 17:46:18.861  INFO 8168 --- [    Test worker] s.w.s.m.m.a.RequestMappingHandlerMapping : Mapped "{[/imageboard/insert],methods=[POST]}" onto java.lang.String com.amicom.controller.ImageBoardController.post(com.amicom.controller.form.BoardForm,org.springframework.validation.BindingResult,java.security.Principal)
2016-10-04 17:46:18.861  INFO 8168 --- [    Test worker] s.w.s.m.m.a.RequestMappingHandlerMapping : Mapped "{[/imageboard/board/{boardName}],methods=[GET]}" onto java.lang.String com.amicom.controller.ImageBoardController.pageMove(java.lang.String,java.security.Principal,org.springframework.ui.Model)
2016-10-04 17:46:18.861  INFO 8168 --- [    Test worker] s.w.s.m.m.a.RequestMappingHandlerMapping : Mapped "{[/imageboard/page/{boardName}],methods=[GET]}" onto java.util.List<com.amicom.dao.ImageBoard> com.amicom.controller.ImageBoardController.pageList(java.lang.String,org.springframework.data.domain.Pageable)
2016-10-04 17:46:18.862  INFO 8168 --- [    Test worker] s.w.s.m.m.a.RequestMappingHandlerMapping : Mapped "{[/imageboard/read/{boardId}/{boardName}],methods=[GET]}" onto java.lang.String com.amicom.controller.ImageBoardController.readPageMove(java.lang.String,java.lang.String)
2016-10-04 17:46:18.864  INFO 8168 --- [    Test worker] s.w.s.m.m.a.RequestMappingHandlerMapping : Mapped "{[/imagereply/delete/{replyId}],methods=[DELETE]}" onto java.lang.String com.amicom.controller.ImageReplyController.delete(java.lang.String)
2016-10-04 17:46:18.865  INFO 8168 --- [    Test worker] s.w.s.m.m.a.RequestMappingHandlerMapping : Mapped "{[/imagereply/{boardId}],methods=[POST]}" onto com.amicom.dao.ImageReply com.amicom.controller.ImageReplyController.save(java.lang.String,com.amicom.controller.form.ReplyForm,com.amicom.service.security.LoginUserDetails)
2016-10-04 17:46:18.867  INFO 8168 --- [    Test worker] s.w.s.m.m.a.RequestMappingHandlerMapping : Mapped "{[/imagereply/{boardId}],methods=[GET]}" onto java.util.List<com.amicom.dao.ImageReply> com.amicom.controller.ImageReplyController.replys(java.lang.String,java.security.Principal)
2016-10-04 17:46:18.869  INFO 8168 --- [    Test worker] s.w.s.m.m.a.RequestMappingHandlerMapping : Mapped "{[/index]}" onto java.lang.String com.amicom.controller.IndexController.index(java.security.Principal,org.springframework.ui.Model,com.amicom.service.security.LoginUserDetails)
2016-10-04 17:46:18.870  INFO 8168 --- [    Test worker] s.w.s.m.m.a.RequestMappingHandlerMapping : Mapped "{[/]}" onto java.lang.String com.amicom.controller.IndexController.noIndex()
2016-10-04 17:46:18.872  INFO 8168 --- [    Test worker] s.w.s.m.m.a.RequestMappingHandlerMapping : Mapped "{[/normalboard/read/detail/{boardId}],methods=[GET]}" onto java.util.List<com.amicom.dao.NormalBoard> com.amicom.controller.NormalBoardController.get(int)
2016-10-04 17:46:18.873  INFO 8168 --- [    Test worker] s.w.s.m.m.a.RequestMappingHandlerMapping : Mapped "{[/normalboard/{boardName}],methods=[PUT]}" onto java.lang.String com.amicom.controller.NormalBoardController.put(java.lang.String,com.amicom.dao.NormalBoard)
2016-10-04 17:46:18.873  INFO 8168 --- [    Test worker] s.w.s.m.m.a.RequestMappingHandlerMapping : Mapped "{[/normalboard/delete],methods=[POST]}" onto java.lang.String com.amicom.controller.NormalBoardController.delete(java.lang.String,int)
2016-10-04 17:46:18.874  INFO 8168 --- [    Test worker] s.w.s.m.m.a.RequestMappingHandlerMapping : Mapped "{[/normalboard/allList/{boardName}],methods=[GET]}" onto java.util.List<com.amicom.dao.NormalBoard> com.amicom.controller.NormalBoardController.list(java.lang.String)
2016-10-04 17:46:18.874  INFO 8168 --- [    Test worker] s.w.s.m.m.a.RequestMappingHandlerMapping : Mapped "{[/normalboard/size/{boardName}],methods=[GET]}" onto int com.amicom.controller.NormalBoardController.pageSize(java.lang.String)
2016-10-04 17:46:18.874  INFO 8168 --- [    Test worker] s.w.s.m.m.a.RequestMappingHandlerMapping : Mapped "{[/normalboard/insert],methods=[POST]}" onto java.lang.String com.amicom.controller.NormalBoardController.post(com.amicom.controller.form.BoardForm,org.springframework.validation.BindingResult,java.security.Principal)
2016-10-04 17:46:18.875  INFO 8168 --- [    Test worker] s.w.s.m.m.a.RequestMappingHandlerMapping : Mapped "{[/normalboard/board/{boardName}],methods=[GET]}" onto java.lang.String com.amicom.controller.NormalBoardController.pageMove(com.amicom.service.security.LoginUserDetails,org.springframework.ui.Model,java.security.Principal)
2016-10-04 17:46:18.875  INFO 8168 --- [    Test worker] s.w.s.m.m.a.RequestMappingHandlerMapping : Mapped "{[/normalboard/page/{boardName}],methods=[GET]}" onto java.util.List<com.amicom.dao.NormalBoard> com.amicom.controller.NormalBoardController.pageList(java.lang.String,org.springframework.data.domain.Pageable)
2016-10-04 17:46:18.876  INFO 8168 --- [    Test worker] s.w.s.m.m.a.RequestMappingHandlerMapping : Mapped "{[/normalboard/read/{boardId}/{boardName}],methods=[GET]}" onto java.lang.String com.amicom.controller.NormalBoardController.readPageMove(java.lang.String,java.lang.String)
2016-10-04 17:46:18.877  INFO 8168 --- [    Test worker] s.w.s.m.m.a.RequestMappingHandlerMapping : Mapped "{[/reply/delete/{replyId}],methods=[DELETE]}" onto java.lang.String com.amicom.controller.NormalReplyController.delete(java.lang.String)
2016-10-04 17:46:18.878  INFO 8168 --- [    Test worker] s.w.s.m.m.a.RequestMappingHandlerMapping : Mapped "{[/reply/{boardId}],methods=[POST]}" onto com.amicom.dao.NormalReply com.amicom.controller.NormalReplyController.save(java.lang.String,com.amicom.controller.form.ReplyForm,com.amicom.service.security.LoginUserDetails)
2016-10-04 17:46:18.878  INFO 8168 --- [    Test worker] s.w.s.m.m.a.RequestMappingHandlerMapping : Mapped "{[/reply/{boardId}],methods=[GET]}" onto java.util.List<com.amicom.dao.NormalReply> com.amicom.controller.NormalReplyController.replys(java.lang.String,java.security.Principal)
2016-10-04 17:46:18.879  INFO 8168 --- [    Test worker] s.w.s.m.m.a.RequestMappingHandlerMapping : Mapped "{[/test/maptest]}" onto java.util.Map<java.lang.String, java.util.List<com.amicom.dao.AmicomMember>> com.amicom.controller.TestController.maptest()
2016-10-04 17:46:18.880  INFO 8168 --- [    Test worker] s.w.s.m.m.a.RequestMappingHandlerMapping : Mapped "{[/test/mail]}" onto java.lang.String com.amicom.controller.TestController.testMail() throws javax.mail.MessagingException
2016-10-04 17:46:18.880  INFO 8168 --- [    Test worker] s.w.s.m.m.a.RequestMappingHandlerMapping : Mapped "{[/test/normalboard]}" onto java.util.List<com.amicom.dao.NormalBoard> com.amicom.controller.TestController.getNormalBoard()
2016-10-04 17:46:18.880  INFO 8168 --- [    Test worker] s.w.s.m.m.a.RequestMappingHandlerMapping : Mapped "{[/test/normalboard/size]}" onto int com.amicom.controller.TestController.normalboardSize()
2016-10-04 17:46:18.881  INFO 8168 --- [    Test worker] s.w.s.m.m.a.RequestMappingHandlerMapping : Mapped "{[/test/amicommember]}" onto java.util.List<com.amicom.dao.AmicomMember> com.amicom.controller.TestController.getAmicomMember()
2016-10-04 17:46:18.881  INFO 8168 --- [    Test worker] s.w.s.m.m.a.RequestMappingHandlerMapping : Mapped "{[/testAmicom]}" onto public java.lang.String com.amicom.controller.TestController2.testAmicom()
2016-10-04 17:46:18.885  INFO 8168 --- [    Test worker] s.w.s.m.m.a.RequestMappingHandlerMapping : Mapped "{[/error]}" onto public org.springframework.http.ResponseEntity<java.util.Map<java.lang.String, java.lang.Object>> org.springframework.boot.autoconfigure.web.BasicErrorController.error(javax.servlet.http.HttpServletRequest)
2016-10-04 17:46:18.886  INFO 8168 --- [    Test worker] s.w.s.m.m.a.RequestMappingHandlerMapping : Mapped "{[/error],produces=[text/html]}" onto public org.springframework.web.servlet.ModelAndView org.springframework.boot.autoconfigure.web.BasicErrorController.errorHtml(javax.servlet.http.HttpServletRequest,javax.servlet.http.HttpServletResponse)
2016-10-04 17:46:18.930  INFO 8168 --- [    Test worker] o.s.w.s.handler.SimpleUrlHandlerMapping  : Mapped URL path [/webjars/**] onto handler of type [class org.springframework.web.servlet.resource.ResourceHttpRequestHandler]
2016-10-04 17:46:18.931  INFO 8168 --- [    Test worker] o.s.w.s.handler.SimpleUrlHandlerMapping  : Mapped URL path [/**] onto handler of type [class org.springframework.web.servlet.resource.ResourceHttpRequestHandler]
2016-10-04 17:46:18.962  INFO 8168 --- [    Test worker] .m.m.a.ExceptionHandlerExceptionResolver : Detected @ExceptionHandler methods in errorController
2016-10-04 17:46:18.963  INFO 8168 --- [    Test worker] .m.m.a.ExceptionHandlerExceptionResolver : Detected @ExceptionHandler methods in repositoryRestExceptionHandler
2016-10-04 17:46:18.963  INFO 8168 --- [    Test worker] .m.m.a.ExceptionHandlerExceptionResolver : Detected ResponseBodyAdvice implementation in org.springframework.boot.actuate.autoconfigure.EndpointWebMvcHypermediaManagementContextConfiguration$ActuatorEndpointLinksAdvice
2016-10-04 17:46:18.993  INFO 8168 --- [    Test worker] o.s.w.s.handler.SimpleUrlHandlerMapping  : Mapped URL path [/**/favicon.ico] onto handler of type [class org.springframework.web.servlet.resource.ResourceHttpRequestHandler]
2016-10-04 17:46:20.691  INFO 8168 --- [    Test worker] o.s.d.r.w.RepositoryRestHandlerAdapter   : Looking for @ControllerAdvice: org.springframework.web.context.support.GenericWebApplicationContext@6ede62f4: startup date [Tue Oct 04 17:46:09 KST 2016]; root of context hierarchy
2016-10-04 17:46:20.699  INFO 8168 --- [    Test worker] o.s.d.r.w.RepositoryRestHandlerAdapter   : Detected ResponseBodyAdvice bean in org.springframework.boot.actuate.autoconfigure.EndpointWebMvcHypermediaManagementContextConfiguration$ActuatorEndpointLinksAdvice
2016-10-04 17:46:20.717  INFO 8168 --- [    Test worker] o.s.d.r.w.RepositoryRestHandlerMapping   : Mapped "{[/{repository}/{id}/{property}],methods=[GET],produces=[application/hal+json || application/json || application/*+json;charset=UTF-8]}" onto public org.springframework.http.ResponseEntity<org.springframework.hateoas.ResourceSupport> org.springframework.data.rest.webmvc.RepositoryPropertyReferenceController.followPropertyReference(org.springframework.data.rest.webmvc.RootResourceInformation,java.io.Serializable,java.lang.String,org.springframework.data.rest.webmvc.PersistentEntityResourceAssembler) throws java.lang.Exception
2016-10-04 17:46:20.718  INFO 8168 --- [    Test worker] o.s.d.r.w.RepositoryRestHandlerMapping   : Mapped "{[/{repository}/{id}/{property}/{propertyId}],methods=[GET],produces=[application/hal+json || application/json || application/*+json;charset=UTF-8]}" onto public org.springframework.http.ResponseEntity<org.springframework.hateoas.ResourceSupport> org.springframework.data.rest.webmvc.RepositoryPropertyReferenceController.followPropertyReference(org.springframework.data.rest.webmvc.RootResourceInformation,java.io.Serializable,java.lang.String,java.lang.String,org.springframework.data.rest.webmvc.PersistentEntityResourceAssembler) throws java.lang.Exception
2016-10-04 17:46:20.719  INFO 8168 --- [    Test worker] o.s.d.r.w.RepositoryRestHandlerMapping   : Mapped "{[/{repository}/{id}/{property}],methods=[DELETE],produces=[application/hal+json || application/json || application/*+json;charset=UTF-8]}" onto public org.springframework.http.ResponseEntity<? extends org.springframework.hateoas.ResourceSupport> org.springframework.data.rest.webmvc.RepositoryPropertyReferenceController.deletePropertyReference(org.springframework.data.rest.webmvc.RootResourceInformation,java.io.Serializable,java.lang.String) throws java.lang.Exception
2016-10-04 17:46:20.720  INFO 8168 --- [    Test worker] o.s.d.r.w.RepositoryRestHandlerMapping   : Mapped "{[/{repository}/{id}/{property}],methods=[GET],produces=[application/x-spring-data-compact+json || text/uri-list]}" onto public org.springframework.http.ResponseEntity<org.springframework.hateoas.ResourceSupport> org.springframework.data.rest.webmvc.RepositoryPropertyReferenceController.followPropertyReferenceCompact(org.springframework.data.rest.webmvc.RootResourceInformation,java.io.Serializable,java.lang.String,org.springframework.data.rest.webmvc.PersistentEntityResourceAssembler) throws java.lang.Exception
2016-10-04 17:46:20.720  INFO 8168 --- [    Test worker] o.s.d.r.w.RepositoryRestHandlerMapping   : Mapped "{[/{repository}/{id}/{property}],methods=[PATCH || PUT || POST],consumes=[application/json || application/x-spring-data-compact+json || text/uri-list],produces=[application/hal+json || application/json || application/*+json;charset=UTF-8]}" onto public org.springframework.http.ResponseEntity<? extends org.springframework.hateoas.ResourceSupport> org.springframework.data.rest.webmvc.RepositoryPropertyReferenceController.createPropertyReference(org.springframework.data.rest.webmvc.RootResourceInformation,org.springframework.http.HttpMethod,org.springframework.hateoas.Resources<java.lang.Object>,java.io.Serializable,java.lang.String) throws java.lang.Exception
2016-10-04 17:46:20.721  INFO 8168 --- [    Test worker] o.s.d.r.w.RepositoryRestHandlerMapping   : Mapped "{[/{repository}/{id}/{property}/{propertyId}],methods=[DELETE],produces=[application/hal+json || application/json || application/*+json;charset=UTF-8]}" onto public org.springframework.http.ResponseEntity<org.springframework.hateoas.ResourceSupport> org.springframework.data.rest.webmvc.RepositoryPropertyReferenceController.deletePropertyReferenceId(org.springframework.data.rest.webmvc.RootResourceInformation,java.io.Serializable,java.lang.String,java.lang.String) throws java.lang.Exception
2016-10-04 17:46:20.725  INFO 8168 --- [    Test worker] o.s.d.r.w.RepositoryRestHandlerMapping   : Mapped "{[/{repository}],methods=[OPTIONS],produces=[application/hal+json || application/json || application/*+json;charset=UTF-8]}" onto public org.springframework.http.ResponseEntity<?> org.springframework.data.rest.webmvc.RepositoryEntityController.optionsForCollectionResource(org.springframework.data.rest.webmvc.RootResourceInformation)
2016-10-04 17:46:20.726  INFO 8168 --- [    Test worker] o.s.d.r.w.RepositoryRestHandlerMapping   : Mapped "{[/{repository}],methods=[HEAD],produces=[application/hal+json || application/json || application/*+json;charset=UTF-8]}" onto public org.springframework.http.ResponseEntity<?> org.springframework.data.rest.webmvc.RepositoryEntityController.headCollectionResource(org.springframework.data.rest.webmvc.RootResourceInformation,org.springframework.data.rest.webmvc.support.DefaultedPageable) throws org.springframework.web.HttpRequestMethodNotSupportedException
2016-10-04 17:46:20.727  INFO 8168 --- [    Test worker] o.s.d.r.w.RepositoryRestHandlerMapping   : Mapped "{[/{repository}],methods=[GET],produces=[application/hal+json || application/json || application/*+json;charset=UTF-8]}" onto public org.springframework.hateoas.Resources<?> org.springframework.data.rest.webmvc.RepositoryEntityController.getCollectionResource(org.springframework.data.rest.webmvc.RootResourceInformation,org.springframework.data.rest.webmvc.support.DefaultedPageable,org.springframework.data.domain.Sort,org.springframework.data.rest.webmvc.PersistentEntityResourceAssembler) throws org.springframework.data.rest.webmvc.ResourceNotFoundException,org.springframework.web.HttpRequestMethodNotSupportedException
2016-10-04 17:46:20.727  INFO 8168 --- [    Test worker] o.s.d.r.w.RepositoryRestHandlerMapping   : Mapped "{[/{repository}],methods=[GET],produces=[application/x-spring-data-compact+json || text/uri-list]}" onto public org.springframework.hateoas.Resources<?> org.springframework.data.rest.webmvc.RepositoryEntityController.getCollectionResourceCompact(org.springframework.data.rest.webmvc.RootResourceInformation,org.springframework.data.rest.webmvc.support.DefaultedPageable,org.springframework.data.domain.Sort,org.springframework.data.rest.webmvc.PersistentEntityResourceAssembler) throws org.springframework.data.rest.webmvc.ResourceNotFoundException,org.springframework.web.HttpRequestMethodNotSupportedException
2016-10-04 17:46:20.728  INFO 8168 --- [    Test worker] o.s.d.r.w.RepositoryRestHandlerMapping   : Mapped "{[/{repository}],methods=[POST],produces=[application/hal+json || application/json || application/*+json;charset=UTF-8]}" onto public org.springframework.http.ResponseEntity<org.springframework.hateoas.ResourceSupport> org.springframework.data.rest.webmvc.RepositoryEntityController.postCollectionResource(org.springframework.data.rest.webmvc.RootResourceInformation,org.springframework.data.rest.webmvc.PersistentEntityResource,org.springframework.data.rest.webmvc.PersistentEntityResourceAssembler,java.lang.String) throws org.springframework.web.HttpRequestMethodNotSupportedException
2016-10-04 17:46:20.729  INFO 8168 --- [    Test worker] o.s.d.r.w.RepositoryRestHandlerMapping   : Mapped "{[/{repository}/{id}],methods=[OPTIONS],produces=[application/hal+json || application/json || application/*+json;charset=UTF-8]}" onto public org.springframework.http.ResponseEntity<?> org.springframework.data.rest.webmvc.RepositoryEntityController.optionsForItemResource(org.springframework.data.rest.webmvc.RootResourceInformation)
2016-10-04 17:46:20.729  INFO 8168 --- [    Test worker] o.s.d.r.w.RepositoryRestHandlerMapping   : Mapped "{[/{repository}/{id}],methods=[HEAD],produces=[application/hal+json || application/json || application/*+json;charset=UTF-8]}" onto public org.springframework.http.ResponseEntity<?> org.springframework.data.rest.webmvc.RepositoryEntityController.headForItemResource(org.springframework.data.rest.webmvc.RootResourceInformation,java.io.Serializable,org.springframework.data.rest.webmvc.PersistentEntityResourceAssembler) throws org.springframework.web.HttpRequestMethodNotSupportedException
2016-10-04 17:46:20.730  INFO 8168 --- [    Test worker] o.s.d.r.w.RepositoryRestHandlerMapping   : Mapped "{[/{repository}/{id}],methods=[GET],produces=[application/hal+json || application/json || application/*+json;charset=UTF-8]}" onto public org.springframework.http.ResponseEntity<org.springframework.hateoas.Resource<?>> org.springframework.data.rest.webmvc.RepositoryEntityController.getItemResource(org.springframework.data.rest.webmvc.RootResourceInformation,java.io.Serializable,org.springframework.data.rest.webmvc.PersistentEntityResourceAssembler,org.springframework.util.MultiValueMap<java.lang.String, java.lang.String>) throws org.springframework.web.HttpRequestMethodNotSupportedException
2016-10-04 17:46:20.732  INFO 8168 --- [    Test worker] o.s.d.r.w.RepositoryRestHandlerMapping   : Mapped "{[/{repository}/{id}],methods=[PUT],produces=[application/hal+json || application/json || application/*+json;charset=UTF-8]}" onto public org.springframework.http.ResponseEntity<? extends org.springframework.hateoas.ResourceSupport> org.springframework.data.rest.webmvc.RepositoryEntityController.putItemResource(org.springframework.data.rest.webmvc.RootResourceInformation,org.springframework.data.rest.webmvc.PersistentEntityResource,java.io.Serializable,org.springframework.data.rest.webmvc.PersistentEntityResourceAssembler,org.springframework.data.rest.webmvc.support.ETag,java.lang.String) throws org.springframework.web.HttpRequestMethodNotSupportedException
2016-10-04 17:46:20.733  INFO 8168 --- [    Test worker] o.s.d.r.w.RepositoryRestHandlerMapping   : Mapped "{[/{repository}/{id}],methods=[PATCH],produces=[application/hal+json || application/json || application/*+json;charset=UTF-8]}" onto public org.springframework.http.ResponseEntity<org.springframework.hateoas.ResourceSupport> org.springframework.data.rest.webmvc.RepositoryEntityController.patchItemResource(org.springframework.data.rest.webmvc.RootResourceInformation,org.springframework.data.rest.webmvc.PersistentEntityResource,java.io.Serializable,org.springframework.data.rest.webmvc.PersistentEntityResourceAssembler,org.springframework.data.rest.webmvc.support.ETag,java.lang.String) throws org.springframework.web.HttpRequestMethodNotSupportedException,org.springframework.data.rest.webmvc.ResourceNotFoundException
2016-10-04 17:46:20.733  INFO 8168 --- [    Test worker] o.s.d.r.w.RepositoryRestHandlerMapping   : Mapped "{[/{repository}/{id}],methods=[DELETE],produces=[application/hal+json || application/json || application/*+json;charset=UTF-8]}" onto public org.springframework.http.ResponseEntity<?> org.springframework.data.rest.webmvc.RepositoryEntityController.deleteItemResource(org.springframework.data.rest.webmvc.RootResourceInformation,java.io.Serializable,org.springframework.data.rest.webmvc.support.ETag) throws org.springframework.data.rest.webmvc.ResourceNotFoundException,org.springframework.web.HttpRequestMethodNotSupportedException
2016-10-04 17:46:20.735  INFO 8168 --- [    Test worker] o.s.d.r.w.RepositoryRestHandlerMapping   : Mapped "{[/ || ],methods=[OPTIONS],produces=[application/hal+json || application/json || application/*+json;charset=UTF-8]}" onto public org.springframework.http.HttpEntity<?> org.springframework.data.rest.webmvc.RepositoryController.optionsForRepositories()
2016-10-04 17:46:20.735  INFO 8168 --- [    Test worker] o.s.d.r.w.RepositoryRestHandlerMapping   : Mapped "{[/ || ],methods=[HEAD],produces=[application/hal+json || application/json || application/*+json;charset=UTF-8]}" onto public org.springframework.http.ResponseEntity<?> org.springframework.data.rest.webmvc.RepositoryController.headForRepositories()
2016-10-04 17:46:20.736  INFO 8168 --- [    Test worker] o.s.d.r.w.RepositoryRestHandlerMapping   : Mapped "{[/ || ],methods=[GET],produces=[application/hal+json || application/json || application/*+json;charset=UTF-8]}" onto public org.springframework.http.HttpEntity<org.springframework.data.rest.webmvc.RepositoryLinksResource> org.springframework.data.rest.webmvc.RepositoryController.listRepositories()
2016-10-04 17:46:20.738  INFO 8168 --- [    Test worker] o.s.d.r.w.RepositoryRestHandlerMapping   : Mapped "{[/{repository}/search],methods=[OPTIONS],produces=[application/hal+json || application/json || application/*+json;charset=UTF-8]}" onto public org.springframework.http.HttpEntity<?> org.springframework.data.rest.webmvc.RepositorySearchController.optionsForSearches(org.springframework.data.rest.webmvc.RootResourceInformation)
2016-10-04 17:46:20.739  INFO 8168 --- [    Test worker] o.s.d.r.w.RepositoryRestHandlerMapping   : Mapped "{[/{repository}/search],methods=[HEAD],produces=[application/hal+json || application/json || application/*+json;charset=UTF-8]}" onto public org.springframework.http.HttpEntity<?> org.springframework.data.rest.webmvc.RepositorySearchController.headForSearches(org.springframework.data.rest.webmvc.RootResourceInformation)
2016-10-04 17:46:20.739  INFO 8168 --- [    Test worker] o.s.d.r.w.RepositoryRestHandlerMapping   : Mapped "{[/{repository}/search],methods=[GET],produces=[application/hal+json || application/json || application/*+json;charset=UTF-8]}" onto public org.springframework.data.rest.webmvc.RepositorySearchesResource org.springframework.data.rest.webmvc.RepositorySearchController.listSearches(org.springframework.data.rest.webmvc.RootResourceInformation)
2016-10-04 17:46:20.740  INFO 8168 --- [    Test worker] o.s.d.r.w.RepositoryRestHandlerMapping   : Mapped "{[/{repository}/search/{search}],methods=[GET],produces=[application/hal+json || application/json || application/*+json;charset=UTF-8]}" onto public org.springframework.http.ResponseEntity<java.lang.Object> org.springframework.data.rest.webmvc.RepositorySearchController.executeSearch(org.springframework.data.rest.webmvc.RootResourceInformation,org.springframework.util.MultiValueMap<java.lang.String, java.lang.Object>,java.lang.String,org.springframework.data.rest.webmvc.support.DefaultedPageable,org.springframework.data.domain.Sort,org.springframework.data.rest.webmvc.PersistentEntityResourceAssembler)
2016-10-04 17:46:20.740  INFO 8168 --- [    Test worker] o.s.d.r.w.RepositoryRestHandlerMapping   : Mapped "{[/{repository}/search/{search}],methods=[GET],produces=[application/x-spring-data-compact+json]}" onto public org.springframework.hateoas.ResourceSupport org.springframework.data.rest.webmvc.RepositorySearchController.executeSearchCompact(org.springframework.data.rest.webmvc.RootResourceInformation,org.springframework.util.MultiValueMap<java.lang.String, java.lang.Object>,java.lang.String,java.lang.String,org.springframework.data.rest.webmvc.support.DefaultedPageable,org.springframework.data.domain.Sort,org.springframework.data.rest.webmvc.PersistentEntityResourceAssembler)
2016-10-04 17:46:20.741  INFO 8168 --- [    Test worker] o.s.d.r.w.RepositoryRestHandlerMapping   : Mapped "{[/{repository}/search/{search}],methods=[OPTIONS],produces=[application/hal+json || application/json || application/*+json;charset=UTF-8]}" onto public org.springframework.http.ResponseEntity<java.lang.Object> org.springframework.data.rest.webmvc.RepositorySearchController.optionsForSearch(org.springframework.data.rest.webmvc.RootResourceInformation,java.lang.String)
2016-10-04 17:46:20.742  INFO 8168 --- [    Test worker] o.s.d.r.w.RepositoryRestHandlerMapping   : Mapped "{[/{repository}/search/{search}],methods=[HEAD],produces=[application/hal+json || application/json || application/*+json;charset=UTF-8]}" onto public org.springframework.http.ResponseEntity<java.lang.Object> org.springframework.data.rest.webmvc.RepositorySearchController.headForSearch(org.springframework.data.rest.webmvc.RootResourceInformation,java.lang.String)
2016-10-04 17:46:20.750  INFO 8168 --- [    Test worker] o.s.d.r.w.BasePathAwareHandlerMapping    : Mapped "{[/profile/{repository}],methods=[GET],produces=[application/schema+json]}" onto public org.springframework.http.HttpEntity<org.springframework.data.rest.webmvc.json.JsonSchema> org.springframework.data.rest.webmvc.RepositorySchemaController.schema(org.springframework.data.rest.webmvc.RootResourceInformation)
2016-10-04 17:46:20.751  INFO 8168 --- [    Test worker] o.s.d.r.w.BasePathAwareHandlerMapping    : Mapped "{[/profile/{repository}],methods=[GET],produces=[application/alps+json || */*]}" onto org.springframework.http.HttpEntity<org.springframework.data.rest.webmvc.RootResourceInformation> org.springframework.data.rest.webmvc.alps.AlpsController.descriptor(org.springframework.data.rest.webmvc.RootResourceInformation)
2016-10-04 17:46:20.751  INFO 8168 --- [    Test worker] o.s.d.r.w.BasePathAwareHandlerMapping    : Mapped "{[/profile/{repository}],methods=[OPTIONS],produces=[application/alps+json]}" onto org.springframework.http.HttpEntity<?> org.springframework.data.rest.webmvc.alps.AlpsController.alpsOptions()
2016-10-04 17:46:20.752  INFO 8168 --- [    Test worker] o.s.d.r.w.BasePathAwareHandlerMapping    : Mapped "{[/profile],methods=[OPTIONS]}" onto public org.springframework.http.HttpEntity<?> org.springframework.data.rest.webmvc.ProfileController.profileOptions()
2016-10-04 17:46:20.753  INFO 8168 --- [    Test worker] o.s.d.r.w.BasePathAwareHandlerMapping    : Mapped "{[/profile],methods=[GET]}" onto org.springframework.http.HttpEntity<org.springframework.hateoas.ResourceSupport> org.springframework.data.rest.webmvc.ProfileController.listAllFormsOfMetadata()
2016-10-04 17:46:20.780  INFO 8168 --- [    Test worker] .m.m.a.ExceptionHandlerExceptionResolver : Detected @ExceptionHandler methods in errorController
2016-10-04 17:46:20.780  INFO 8168 --- [    Test worker] .m.m.a.ExceptionHandlerExceptionResolver : Detected @ExceptionHandler methods in repositoryRestExceptionHandler
2016-10-04 17:46:20.781  INFO 8168 --- [    Test worker] .m.m.a.ExceptionHandlerExceptionResolver : Detected ResponseBodyAdvice implementation in org.springframework.boot.actuate.autoconfigure.EndpointWebMvcHypermediaManagementContextConfiguration$ActuatorEndpointLinksAdvice
2016-10-04 17:46:20.868  INFO 8168 --- [    Test worker] o.s.b.a.e.mvc.EndpointHandlerMapping     : Mapped "{[/health || /health.json],produces=[application/json]}" onto public java.lang.Object org.springframework.boot.actuate.endpoint.mvc.HealthMvcEndpoint.invoke(java.security.Principal)
2016-10-04 17:46:20.870  INFO 8168 --- [    Test worker] o.s.b.a.e.mvc.EndpointHandlerMapping     : Mapped "{[/mappings || /mappings.json],methods=[GET],produces=[application/json]}" onto public java.lang.Object org.springframework.boot.actuate.endpoint.mvc.EndpointMvcAdapter.invoke()
2016-10-04 17:46:20.872  INFO 8168 --- [    Test worker] o.s.b.a.e.mvc.EndpointHandlerMapping     : Mapped "{[/env/{name:.*}],methods=[GET],produces=[application/json]}" onto public java.lang.Object org.springframework.boot.actuate.endpoint.mvc.EnvironmentMvcEndpoint.value(java.lang.String)
2016-10-04 17:46:20.872  INFO 8168 --- [    Test worker] o.s.b.a.e.mvc.EndpointHandlerMapping     : Mapped "{[/env || /env.json],methods=[GET],produces=[application/json]}" onto public java.lang.Object org.springframework.boot.actuate.endpoint.mvc.EndpointMvcAdapter.invoke()
2016-10-04 17:46:20.873  INFO 8168 --- [    Test worker] o.s.b.a.e.mvc.EndpointHandlerMapping     : Mapped "{[/autoconfig || /autoconfig.json],methods=[GET],produces=[application/json]}" onto public java.lang.Object org.springframework.boot.actuate.endpoint.mvc.EndpointMvcAdapter.invoke()
2016-10-04 17:46:20.874  INFO 8168 --- [    Test worker] o.s.b.a.e.mvc.EndpointHandlerMapping     : Mapped "{[/configprops || /configprops.json],methods=[GET],produces=[application/json]}" onto public java.lang.Object org.springframework.boot.actuate.endpoint.mvc.EndpointMvcAdapter.invoke()
2016-10-04 17:46:20.875  INFO 8168 --- [    Test worker] o.s.b.a.e.mvc.EndpointHandlerMapping     : Mapped "{[/actuator || /actuator.json],produces=[application/json]}" onto public org.springframework.hateoas.ResourceSupport org.springframework.boot.actuate.endpoint.mvc.HalJsonMvcEndpoint.links()
2016-10-04 17:46:20.877  INFO 8168 --- [    Test worker] o.s.b.a.e.mvc.EndpointHandlerMapping     : Mapped "{[/beans || /beans.json],methods=[GET],produces=[application/json]}" onto public java.lang.Object org.springframework.boot.actuate.endpoint.mvc.EndpointMvcAdapter.invoke()
2016-10-04 17:46:20.878  INFO 8168 --- [    Test worker] o.s.b.a.e.mvc.EndpointHandlerMapping     : Mapped "{[/info || /info.json],methods=[GET],produces=[application/json]}" onto public java.lang.Object org.springframework.boot.actuate.endpoint.mvc.EndpointMvcAdapter.invoke()
2016-10-04 17:46:20.879  INFO 8168 --- [    Test worker] o.s.b.a.e.mvc.EndpointHandlerMapping     : Mapped "{[/metrics/{name:.*}],methods=[GET],produces=[application/json]}" onto public java.lang.Object org.springframework.boot.actuate.endpoint.mvc.MetricsMvcEndpoint.value(java.lang.String)
2016-10-04 17:46:20.880  INFO 8168 --- [    Test worker] o.s.b.a.e.mvc.EndpointHandlerMapping     : Mapped "{[/metrics || /metrics.json],methods=[GET],produces=[application/json]}" onto public java.lang.Object org.springframework.boot.actuate.endpoint.mvc.EndpointMvcAdapter.invoke()
2016-10-04 17:46:20.881  INFO 8168 --- [    Test worker] o.s.b.a.e.mvc.EndpointHandlerMapping     : Mapped "{[/dump || /dump.json],methods=[GET],produces=[application/json]}" onto public java.lang.Object org.springframework.boot.actuate.endpoint.mvc.EndpointMvcAdapter.invoke()
2016-10-04 17:46:20.882  INFO 8168 --- [    Test worker] o.s.b.a.e.mvc.EndpointHandlerMapping     : Mapped "{[/trace || /trace.json],methods=[GET],produces=[application/json]}" onto public java.lang.Object org.springframework.boot.actuate.endpoint.mvc.EndpointMvcAdapter.invoke()
2016-10-04 17:46:21.230  INFO 8168 --- [    Test worker] c.amicom.AmicomHomepageApplicationTests  : Started AmicomHomepageApplicationTests in 12.759 seconds (JVM running for 14.009)
]]></system-out>
  <system-err><![CDATA[Tue Oct 04 17:46:13 KST 2016 WARN: Establishing SSL connection without server's identity verification is not recommended. According to MySQL 5.5.45+, 5.6.26+ and 5.7.6+ requirements SSL connection must be established by default if explicit option isn't set. For compliance with existing applications not using SSL the verifyServerCertificate property is set to 'false'. You need either to explicitly disable SSL by setting useSSL=false, or set useSSL=true and provide truststore for server certificate verification.
Tue Oct 04 17:46:14 KST 2016 WARN: Establishing SSL connection without server's identity verification is not recommended. According to MySQL 5.5.45+, 5.6.26+ and 5.7.6+ requirements SSL connection must be established by default if explicit option isn't set. For compliance with existing applications not using SSL the verifyServerCertificate property is set to 'false'. You need either to explicitly disable SSL by setting useSSL=false, or set useSSL=true and provide truststore for server certificate verification.
Tue Oct 04 17:46:14 KST 2016 WARN: Establishing SSL connection without server's identity verification is not recommended. According to MySQL 5.5.45+, 5.6.26+ and 5.7.6+ requirements SSL connection must be established by default if explicit option isn't set. For compliance with existing applications not using SSL the verifyServerCertificate property is set to 'false'. You need either to explicitly disable SSL by setting useSSL=false, or set useSSL=true and provide truststore for server certificate verification.
Tue Oct 04 17:46:14 KST 2016 WARN: Establishing SSL connection without server's identity verification is not recommended. According to MySQL 5.5.45+, 5.6.26+ and 5.7.6+ requirements SSL connection must be established by default if explicit option isn't set. For compliance with existing applications not using SSL the verifyServerCertificate property is set to 'false'. You need either to explicitly disable SSL by setting useSSL=false, or set useSSL=true and provide truststore for server certificate verification.
Tue Oct 04 17:46:14 KST 2016 WARN: Establishing SSL connection without server's identity verification is not recommended. According to MySQL 5.5.45+, 5.6.26+ and 5.7.6+ requirements SSL connection must be established by default if explicit option isn't set. For compliance with existing applications not using SSL the verifyServerCertificate property is set to 'false'. You need either to explicitly disable SSL by setting useSSL=false, or set useSSL=true and provide truststore for server certificate verification.
Tue Oct 04 17:46:14 KST 2016 WARN: Establishing SSL connection without server's identity verification is not recommended. According to MySQL 5.5.45+, 5.6.26+ and 5.7.6+ requirements SSL connection must be established by default if explicit option isn't set. For compliance with existing applications not using SSL the verifyServerCertificate property is set to 'false'. You need either to explicitly disable SSL by setting useSSL=false, or set useSSL=true and provide truststore for server certificate verification.
Tue Oct 04 17:46:14 KST 2016 WARN: Establishing SSL connection without server's identity verification is not recommended. According to MySQL 5.5.45+, 5.6.26+ and 5.7.6+ requirements SSL connection must be established by default if explicit option isn't set. For compliance with existing applications not using SSL the verifyServerCertificate property is set to 'false'. You need either to explicitly disable SSL by setting useSSL=false, or set useSSL=true and provide truststore for server certificate verification.
Tue Oct 04 17:46:14 KST 2016 WARN: Establishing SSL connection without server's identity verification is not recommended. According to MySQL 5.5.45+, 5.6.26+ and 5.7.6+ requirements SSL connection must be established by default if explicit option isn't set. For compliance with existing applications not using SSL the verifyServerCertificate property is set to 'false'. You need either to explicitly disable SSL by setting useSSL=false, or set useSSL=true and provide truststore for server certificate verification.
Tue Oct 04 17:46:14 KST 2016 WARN: Establishing SSL connection without server's identity verification is not recommended. According to MySQL 5.5.45+, 5.6.26+ and 5.7.6+ requirements SSL connection must be established by default if explicit option isn't set. For compliance with existing applications not using SSL the verifyServerCertificate property is set to 'false'. You need either to explicitly disable SSL by setting useSSL=false, or set useSSL=true and provide truststore for server certificate verification.
Tue Oct 04 17:46:14 KST 2016 WARN: Establishing SSL connection without server's identity verification is not recommended. According to MySQL 5.5.45+, 5.6.26+ and 5.7.6+ requirements SSL connection must be established by default if explicit option isn't set. For compliance with existing applications not using SSL the verifyServerCertificate property is set to 'false'. You need either to explicitly disable SSL by setting useSSL=false, or set useSSL=true and provide truststore for server certificate verification.
]]></system-err>
</testsuite>
