<?xml version="1.0" encoding="UTF-8"?>
<testsuite name="com.amicom.AmicomHomepageApplicationTests" tests="1" skipped="0" failures="0" errors="0" timestamp="2016-04-01T17:47:21" hostname="kunwookimui-MacBook-Pro.local" time="0.004">
  <properties/>
  <testcase name="contextLoads" classname="com.amicom.AmicomHomepageApplicationTests" time="0.004"/>
  <system-out><![CDATA[02:47:07.518 [Test worker] DEBUG o.s.t.c.j.SpringJUnit4ClassRunner - SpringJUnit4ClassRunner constructor called with [class com.amicom.AmicomHomepageApplicationTests]
02:47:07.522 [Test worker] DEBUG o.s.test.context.BootstrapUtils - Instantiating CacheAwareContextLoaderDelegate from class [org.springframework.test.context.cache.DefaultCacheAwareContextLoaderDelegate]
02:47:07.527 [Test worker] DEBUG o.s.test.context.BootstrapUtils - Instantiating BootstrapContext using constructor [public org.springframework.test.context.support.DefaultBootstrapContext(java.lang.Class,org.springframework.test.context.CacheAwareContextLoaderDelegate)]
02:47:07.538 [Test worker] DEBUG o.s.test.context.BootstrapUtils - Instantiating TestContextBootstrapper for test class [com.amicom.AmicomHomepageApplicationTests] from class [org.springframework.test.context.web.WebTestContextBootstrapper]
02:47:07.560 [Test worker] DEBUG o.s.t.c.w.WebTestContextBootstrapper - Found explicit ContextLoader class [org.springframework.boot.test.SpringApplicationContextLoader] for context configuration attributes [ContextConfigurationAttributes@cc14357 declaringClass = 'com.amicom.AmicomHomepageApplicationTests', classes = '{class com.amicom.AmicomHomepageApplication}', locations = '{}', inheritLocations = true, initializers = '{}', inheritInitializers = true, name = [null], contextLoaderClass = 'org.springframework.boot.test.SpringApplicationContextLoader']
02:47:07.566 [Test worker] DEBUG o.s.t.c.s.AbstractContextLoader - Did not detect default resource location for test class [com.amicom.AmicomHomepageApplicationTests]: class path resource [com/amicom/AmicomHomepageApplicationTests-context.xml] does not exist
02:47:07.567 [Test worker] DEBUG o.s.t.c.s.AbstractContextLoader - Did not detect default resource location for test class [com.amicom.AmicomHomepageApplicationTests]: class path resource [com/amicom/AmicomHomepageApplicationTestsContext.groovy] does not exist
02:47:07.567 [Test worker] INFO  o.s.t.c.s.AbstractContextLoader - Could not detect default resource locations for test class [com.amicom.AmicomHomepageApplicationTests]: no resource found for suffixes {-context.xml, Context.groovy}.
02:47:07.571 [Test worker] DEBUG o.s.t.c.support.ActiveProfilesUtils - Could not find an 'annotation declaring class' for annotation type [org.springframework.test.context.ActiveProfiles] and class [com.amicom.AmicomHomepageApplicationTests]
02:47:07.574 [Test worker] DEBUG o.s.t.c.w.WebTestContextBootstrapper - @TestExecutionListeners is not present for class [com.amicom.AmicomHomepageApplicationTests]: using defaults.
02:47:07.582 [Test worker] INFO  o.s.t.c.w.WebTestContextBootstrapper - Loaded default TestExecutionListener class names from location [META-INF/spring.factories]: [org.springframework.test.context.web.ServletTestExecutionListener, org.springframework.test.context.support.DirtiesContextBeforeModesTestExecutionListener, org.springframework.test.context.support.DependencyInjectionTestExecutionListener, org.springframework.test.context.support.DirtiesContextTestExecutionListener, org.springframework.test.context.transaction.TransactionalTestExecutionListener, org.springframework.test.context.jdbc.SqlScriptsTestExecutionListener]
02:47:07.605 [Test worker] INFO  o.s.t.c.w.WebTestContextBootstrapper - Using TestExecutionListeners: [org.springframework.test.context.web.ServletTestExecutionListener@7dfb0670, org.springframework.test.context.support.DirtiesContextBeforeModesTestExecutionListener@71cdaa8f, org.springframework.test.context.support.DependencyInjectionTestExecutionListener@5bf10d95, org.springframework.test.context.support.DirtiesContextTestExecutionListener@22c25048, org.springframework.test.context.transaction.TransactionalTestExecutionListener@72f1ae6, org.springframework.test.context.jdbc.SqlScriptsTestExecutionListener@1b2a515e]
02:47:07.610 [Test worker] DEBUG o.s.t.annotation.ProfileValueUtils - Retrieved @ProfileValueSourceConfiguration [null] for test class [com.amicom.AmicomHomepageApplicationTests]
02:47:07.611 [Test worker] DEBUG o.s.t.annotation.ProfileValueUtils - Retrieved ProfileValueSource type [class org.springframework.test.annotation.SystemProfileValueSource] for class [com.amicom.AmicomHomepageApplicationTests]
02:47:07.612 [Test worker] DEBUG o.s.t.annotation.ProfileValueUtils - Retrieved @ProfileValueSourceConfiguration [null] for test class [com.amicom.AmicomHomepageApplicationTests]
02:47:07.612 [Test worker] DEBUG o.s.t.annotation.ProfileValueUtils - Retrieved ProfileValueSource type [class org.springframework.test.annotation.SystemProfileValueSource] for class [com.amicom.AmicomHomepageApplicationTests]
02:47:07.617 [Test worker] DEBUG o.s.t.c.s.AbstractDirtiesContextTestExecutionListener - Before test class: context [DefaultTestContext@2566efb7 testClass = AmicomHomepageApplicationTests, testInstance = [null], testMethod = [null], testException = [null], mergedContextConfiguration = [WebMergedContextConfiguration@4f77dcfe testClass = AmicomHomepageApplicationTests, locations = '{}', classes = '{class com.amicom.AmicomHomepageApplication}', contextInitializerClasses = '[]', activeProfiles = '{}', propertySourceLocations = '{}', propertySourceProperties = '{}', resourceBasePath = 'src/main/webapp', contextLoader = 'org.springframework.boot.test.SpringApplicationContextLoader', parent = [null]]], class annotated with @DirtiesContext [false] with mode [null].
02:47:07.625 [Test worker] DEBUG o.s.t.annotation.ProfileValueUtils - Retrieved @ProfileValueSourceConfiguration [null] for test class [com.amicom.AmicomHomepageApplicationTests]
02:47:07.626 [Test worker] DEBUG o.s.t.annotation.ProfileValueUtils - Retrieved ProfileValueSource type [class org.springframework.test.annotation.SystemProfileValueSource] for class [com.amicom.AmicomHomepageApplicationTests]
02:47:07.713 [Test worker] DEBUG o.s.core.env.StandardEnvironment - Adding [systemProperties] PropertySource with lowest search precedence
02:47:07.714 [Test worker] DEBUG o.s.core.env.StandardEnvironment - Adding [systemEnvironment] PropertySource with lowest search precedence
02:47:07.714 [Test worker] DEBUG o.s.core.env.StandardEnvironment - Initialized StandardEnvironment with PropertySources [systemProperties,systemEnvironment]
02:47:07.717 [Test worker] DEBUG o.s.core.env.StandardEnvironment - Adding [integrationTest] PropertySource with search precedence immediately lower than [systemEnvironment]

  .   ____          _            __ _ _
 /\\ / ___'_ __ _ _(_)_ __  __ _ \ \ \ \
( ( )\___ | '_ | '_| | '_ \/ _` | \ \ \ \
 \\/  ___)| |_)| | | | | || (_| |  ) ) ) )
  '  |____| .__|_| |_|_| |_\__, | / / / /
 =========|_|==============|___/=/_/_/_/
 :: Spring Boot ::        (v1.3.2.RELEASE)

2016-04-02 02:47:08.524  INFO 12439 --- [    Test worker] c.amicom.AmicomHomepageApplicationTests  : Starting AmicomHomepageApplicationTests on kunwookimui-MacBook-Pro.local with PID 12439 (/Users/kunwookim/Documents/SpringBootProject/AmicomHomepage/build/classes/test started by kunwookim in /Users/kunwookim/Documents/SpringBootProject/AmicomHomepage)
2016-04-02 02:47:08.525  INFO 12439 --- [    Test worker] c.amicom.AmicomHomepageApplicationTests  : No active profile set, falling back to default profiles: default
2016-04-02 02:47:08.859  INFO 12439 --- [    Test worker] o.s.w.c.s.GenericWebApplicationContext   : Refreshing org.springframework.web.context.support.GenericWebApplicationContext@178607d2: startup date [Sat Apr 02 02:47:08 KST 2016]; root of context hierarchy
2016-04-02 02:47:10.410  INFO 12439 --- [    Test worker] o.s.b.f.s.DefaultListableBeanFactory     : Overriding bean definition for bean 'beanNameViewResolver' with a different definition: replacing [Root bean: class [null]; scope=; abstract=false; lazyInit=false; autowireMode=3; dependencyCheck=0; autowireCandidate=true; primary=false; factoryBeanName=org.springframework.boot.autoconfigure.web.ErrorMvcAutoConfiguration$WhitelabelErrorViewConfiguration; factoryMethodName=beanNameViewResolver; initMethodName=null; destroyMethodName=(inferred); defined in class path resource [org/springframework/boot/autoconfigure/web/ErrorMvcAutoConfiguration$WhitelabelErrorViewConfiguration.class]] with [Root bean: class [null]; scope=; abstract=false; lazyInit=false; autowireMode=3; dependencyCheck=0; autowireCandidate=true; primary=false; factoryBeanName=org.springframework.boot.autoconfigure.web.WebMvcAutoConfiguration$WebMvcAutoConfigurationAdapter; factoryMethodName=beanNameViewResolver; initMethodName=null; destroyMethodName=(inferred); defined in class path resource [org/springframework/boot/autoconfigure/web/WebMvcAutoConfiguration$WebMvcAutoConfigurationAdapter.class]]
2016-04-02 02:47:10.645  INFO 12439 --- [    Test worker] o.s.b.f.s.DefaultListableBeanFactory     : Overriding bean definition for bean 'managementServletContext' with a different definition: replacing [Root bean: class [null]; scope=; abstract=false; lazyInit=false; autowireMode=3; dependencyCheck=0; autowireCandidate=true; primary=false; factoryBeanName=org.springframework.boot.actuate.autoconfigure.EndpointWebMvcHypermediaManagementContextConfiguration; factoryMethodName=managementServletContext; initMethodName=null; destroyMethodName=(inferred); defined in class path resource [org/springframework/boot/actuate/autoconfigure/EndpointWebMvcHypermediaManagementContextConfiguration.class]] with [Root bean: class [null]; scope=; abstract=false; lazyInit=false; autowireMode=3; dependencyCheck=0; autowireCandidate=true; primary=false; factoryBeanName=org.springframework.boot.actuate.autoconfigure.EndpointWebMvcAutoConfiguration; factoryMethodName=managementServletContext; initMethodName=null; destroyMethodName=(inferred); defined in class path resource [org/springframework/boot/actuate/autoconfigure/EndpointWebMvcAutoConfiguration.class]]
2016-04-02 02:47:11.520  INFO 12439 --- [    Test worker] trationDelegate$BeanPostProcessorChecker : Bean 'org.springframework.transaction.annotation.ProxyTransactionManagementConfiguration' of type [class org.springframework.transaction.annotation.ProxyTransactionManagementConfiguration$$EnhancerBySpringCGLIB$$ed77a4bb] is not eligible for getting processed by all BeanPostProcessors (for example: not eligible for auto-proxying)
2016-04-02 02:47:13.366  INFO 12439 --- [    Test worker] j.LocalContainerEntityManagerFactoryBean : Building JPA container EntityManagerFactory for persistence unit 'default'
2016-04-02 02:47:13.399  INFO 12439 --- [    Test worker] o.hibernate.jpa.internal.util.LogHelper  : HHH000204: Processing PersistenceUnitInfo [
	name: default
	...]
2016-04-02 02:47:13.481  INFO 12439 --- [    Test worker] org.hibernate.Version                    : HHH000412: Hibernate Core {4.3.11.Final}
2016-04-02 02:47:13.483  INFO 12439 --- [    Test worker] org.hibernate.cfg.Environment            : HHH000206: hibernate.properties not found
2016-04-02 02:47:13.486  INFO 12439 --- [    Test worker] org.hibernate.cfg.Environment            : HHH000021: Bytecode provider name : javassist
2016-04-02 02:47:13.690  INFO 12439 --- [    Test worker] o.hibernate.annotations.common.Version   : HCANN000001: Hibernate Commons Annotations {4.0.5.Final}
2016-04-02 02:47:13.779  INFO 12439 --- [    Test worker] org.hibernate.dialect.Dialect            : HHH000400: Using dialect: org.hibernate.dialect.MySQL5Dialect
2016-04-02 02:47:14.082  INFO 12439 --- [    Test worker] o.h.h.i.ast.ASTQueryTranslatorFactory    : HHH000397: Using ASTQueryTranslatorFactory
2016-04-02 02:47:14.784  INFO 12439 --- [    Test worker] org.hibernate.tool.hbm2ddl.SchemaUpdate  : HHH000228: Running hbm2ddl schema update
2016-04-02 02:47:14.785  INFO 12439 --- [    Test worker] org.hibernate.tool.hbm2ddl.SchemaUpdate  : HHH000102: Fetching database metadata
2016-04-02 02:47:14.787  INFO 12439 --- [    Test worker] org.hibernate.tool.hbm2ddl.SchemaUpdate  : HHH000396: Updating schema
2016-04-02 02:47:14.826  INFO 12439 --- [    Test worker] o.hibernate.tool.hbm2ddl.TableMetadata   : HHH000261: Table found: amicomjpa.amicom_member
2016-04-02 02:47:14.827  INFO 12439 --- [    Test worker] o.hibernate.tool.hbm2ddl.TableMetadata   : HHH000037: Columns: [birthday, time_stamp, uuid, enabled, obyb, senior, password, major, student_number, authority, name, cellphone, job, username]
2016-04-02 02:47:14.827  INFO 12439 --- [    Test worker] o.hibernate.tool.hbm2ddl.TableMetadata   : HHH000108: Foreign keys: []
2016-04-02 02:47:14.828  INFO 12439 --- [    Test worker] o.hibernate.tool.hbm2ddl.TableMetadata   : HHH000126: Indexes: [primary]
2016-04-02 02:47:14.836  INFO 12439 --- [    Test worker] o.hibernate.tool.hbm2ddl.TableMetadata   : HHH000261: Table found: amicomjpa.board_chart
2016-04-02 02:47:14.838  INFO 12439 --- [    Test worker] o.hibernate.tool.hbm2ddl.TableMetadata   : HHH000037: Columns: [board_name, type]
2016-04-02 02:47:14.838  INFO 12439 --- [    Test worker] o.hibernate.tool.hbm2ddl.TableMetadata   : HHH000108: Foreign keys: []
2016-04-02 02:47:14.839  INFO 12439 --- [    Test worker] o.hibernate.tool.hbm2ddl.TableMetadata   : HHH000126: Indexes: [primary]
2016-04-02 02:47:14.855  INFO 12439 --- [    Test worker] o.hibernate.tool.hbm2ddl.TableMetadata   : HHH000261: Table found: amicomjpa.image_board
2016-04-02 02:47:14.855  INFO 12439 --- [    Test worker] o.hibernate.tool.hbm2ddl.TableMetadata   : HHH000037: Columns: [amicom_memberid, board_name, time_stamp, board_id, title, content]
2016-04-02 02:47:14.856  INFO 12439 --- [    Test worker] o.hibernate.tool.hbm2ddl.TableMetadata   : HHH000108: Foreign keys: [fk_b779kx15r9a06bcnmpfulkhbs, fk_swynl9nfdlrlji6k6gd300m3f]
2016-04-02 02:47:14.856  INFO 12439 --- [    Test worker] o.hibernate.tool.hbm2ddl.TableMetadata   : HHH000126: Indexes: [fk_b779kx15r9a06bcnmpfulkhbs, primary, fk_swynl9nfdlrlji6k6gd300m3f]
2016-04-02 02:47:14.877  INFO 12439 --- [    Test worker] o.hibernate.tool.hbm2ddl.TableMetadata   : HHH000261: Table found: amicomjpa.image_file_meta
2016-04-02 02:47:14.878  INFO 12439 --- [    Test worker] o.hibernate.tool.hbm2ddl.TableMetadata   : HHH000037: Columns: [time_stamp, file_name, file_type, boardid, file_metaid, file_size]
2016-04-02 02:47:14.878  INFO 12439 --- [    Test worker] o.hibernate.tool.hbm2ddl.TableMetadata   : HHH000108: Foreign keys: [fk_e74qcxk2himojv3bd708dxx35]
2016-04-02 02:47:14.878  INFO 12439 --- [    Test worker] o.hibernate.tool.hbm2ddl.TableMetadata   : HHH000126: Indexes: [uk_e74qcxk2himojv3bd708dxx35, primary]
2016-04-02 02:47:14.892  INFO 12439 --- [    Test worker] o.hibernate.tool.hbm2ddl.TableMetadata   : HHH000261: Table found: amicomjpa.image_reply
2016-04-02 02:47:14.893  INFO 12439 --- [    Test worker] o.hibernate.tool.hbm2ddl.TableMetadata   : HHH000037: Columns: [reply_id, time_stamp, boardid, content, username]
2016-04-02 02:47:14.893  INFO 12439 --- [    Test worker] o.hibernate.tool.hbm2ddl.TableMetadata   : HHH000108: Foreign keys: [fk_dkwlowi3o9lwjhmvgyg37au13, fk_29wvgjwy10g1hcm6yjy0xocmh]
2016-04-02 02:47:14.893  INFO 12439 --- [    Test worker] o.hibernate.tool.hbm2ddl.TableMetadata   : HHH000126: Indexes: [fk_dkwlowi3o9lwjhmvgyg37au13, primary, fk_29wvgjwy10g1hcm6yjy0xocmh]
2016-04-02 02:47:14.905  INFO 12439 --- [    Test worker] o.hibernate.tool.hbm2ddl.TableMetadata   : HHH000261: Table found: amicomjpa.login
2016-04-02 02:47:14.906  INFO 12439 --- [    Test worker] o.hibernate.tool.hbm2ddl.TableMetadata   : HHH000037: Columns: [password, username]
2016-04-02 02:47:14.906  INFO 12439 --- [    Test worker] o.hibernate.tool.hbm2ddl.TableMetadata   : HHH000108: Foreign keys: []
2016-04-02 02:47:14.906  INFO 12439 --- [    Test worker] o.hibernate.tool.hbm2ddl.TableMetadata   : HHH000126: Indexes: [primary]
2016-04-02 02:47:14.915  INFO 12439 --- [    Test worker] o.hibernate.tool.hbm2ddl.TableMetadata   : HHH000261: Table found: amicomjpa.normal_board
2016-04-02 02:47:14.916  INFO 12439 --- [    Test worker] o.hibernate.tool.hbm2ddl.TableMetadata   : HHH000037: Columns: [amicom_memberid, board_name, highlight, time_stamp, board_id, title, content]
2016-04-02 02:47:14.916  INFO 12439 --- [    Test worker] o.hibernate.tool.hbm2ddl.TableMetadata   : HHH000108: Foreign keys: [fk_iv7jolxyqvmbckfps5pepxvy0, fk_nt2idncrc6iq40hvcw9w0tt0m]
2016-04-02 02:47:14.917  INFO 12439 --- [    Test worker] o.hibernate.tool.hbm2ddl.TableMetadata   : HHH000126: Indexes: [fk_iv7jolxyqvmbckfps5pepxvy0, fk_nt2idncrc6iq40hvcw9w0tt0m, primary]
2016-04-02 02:47:14.929  INFO 12439 --- [    Test worker] o.hibernate.tool.hbm2ddl.TableMetadata   : HHH000261: Table found: amicomjpa.normal_file_meta
2016-04-02 02:47:14.930  INFO 12439 --- [    Test worker] o.hibernate.tool.hbm2ddl.TableMetadata   : HHH000037: Columns: [time_stamp, file_name, file_type, boardid, file_metaid, file_size]
2016-04-02 02:47:14.930  INFO 12439 --- [    Test worker] o.hibernate.tool.hbm2ddl.TableMetadata   : HHH000108: Foreign keys: [fk_rmu8w3agby8mg9d2yp7rly69c]
2016-04-02 02:47:14.930  INFO 12439 --- [    Test worker] o.hibernate.tool.hbm2ddl.TableMetadata   : HHH000126: Indexes: [fk_rmu8w3agby8mg9d2yp7rly69c, primary]
2016-04-02 02:47:14.940  INFO 12439 --- [    Test worker] o.hibernate.tool.hbm2ddl.TableMetadata   : HHH000261: Table found: amicomjpa.normal_reply
2016-04-02 02:47:14.940  INFO 12439 --- [    Test worker] o.hibernate.tool.hbm2ddl.TableMetadata   : HHH000037: Columns: [reply_id, time_stamp, boardid, content, username]
2016-04-02 02:47:14.940  INFO 12439 --- [    Test worker] o.hibernate.tool.hbm2ddl.TableMetadata   : HHH000108: Foreign keys: [fk_dhtroi8euv68ig09j3a28qll7, fk_9ryofu4vvihdqssjcbehe145e]
2016-04-02 02:47:14.945  INFO 12439 --- [    Test worker] o.hibernate.tool.hbm2ddl.TableMetadata   : HHH000126: Indexes: [fk_dhtroi8euv68ig09j3a28qll7, fk_9ryofu4vvihdqssjcbehe145e, primary]
2016-04-02 02:47:14.957  INFO 12439 --- [    Test worker] o.hibernate.tool.hbm2ddl.TableMetadata   : HHH000261: Table found: amicomjpa.hibernate_sequences
2016-04-02 02:47:14.957  INFO 12439 --- [    Test worker] o.hibernate.tool.hbm2ddl.TableMetadata   : HHH000037: Columns: [sequence_next_hi_value, sequence_name]
2016-04-02 02:47:14.958  INFO 12439 --- [    Test worker] o.hibernate.tool.hbm2ddl.TableMetadata   : HHH000108: Foreign keys: []
2016-04-02 02:47:14.958  INFO 12439 --- [    Test worker] o.hibernate.tool.hbm2ddl.TableMetadata   : HHH000126: Indexes: []
2016-04-02 02:47:14.959  INFO 12439 --- [    Test worker] org.hibernate.tool.hbm2ddl.SchemaUpdate  : HHH000232: Schema update complete
2016-04-02 02:47:16.684  INFO 12439 --- [    Test worker] o.s.b.f.config.PropertiesFactoryBean     : Loading properties file from class path resource [rest-default-messages.properties]
2016-04-02 02:47:17.659  INFO 12439 --- [    Test worker] o.s.s.web.DefaultSecurityFilterChain     : Creating filter chain: OrRequestMatcher [requestMatchers=[Ant [pattern='/css/**'], Ant [pattern='/js/**'], Ant [pattern='/images/**'], Ant [pattern='/**/favicon.ico'], Ant [pattern='/error']]], []
2016-04-02 02:47:17.660  INFO 12439 --- [    Test worker] o.s.s.web.DefaultSecurityFilterChain     : Creating filter chain: Ant [pattern='/webjars/**'], []
2016-04-02 02:47:17.660  INFO 12439 --- [    Test worker] o.s.s.web.DefaultSecurityFilterChain     : Creating filter chain: Ant [pattern='/css/**'], []
2016-04-02 02:47:17.660  INFO 12439 --- [    Test worker] o.s.s.web.DefaultSecurityFilterChain     : Creating filter chain: Ant [pattern='/img/**'], []
2016-04-02 02:47:17.660  INFO 12439 --- [    Test worker] o.s.s.web.DefaultSecurityFilterChain     : Creating filter chain: Ant [pattern='/js/**'], []
2016-04-02 02:47:17.660  INFO 12439 --- [    Test worker] o.s.s.web.DefaultSecurityFilterChain     : Creating filter chain: Ant [pattern='/less/**'], []
2016-04-02 02:47:17.660  INFO 12439 --- [    Test worker] o.s.s.web.DefaultSecurityFilterChain     : Creating filter chain: Ant [pattern='/dist/**'], []
2016-04-02 02:47:17.661  INFO 12439 --- [    Test worker] o.s.s.web.DefaultSecurityFilterChain     : Creating filter chain: Ant [pattern='/bower_components/**'], []
2016-04-02 02:47:17.661  INFO 12439 --- [    Test worker] o.s.s.web.DefaultSecurityFilterChain     : Creating filter chain: Ant [pattern='/normalfile/**'], []
2016-04-02 02:47:17.746  INFO 12439 --- [    Test worker] o.s.s.web.DefaultSecurityFilterChain     : Creating filter chain: org.springframework.boot.actuate.autoconfigure.ManagementWebSecurityAutoConfiguration$LazyEndpointPathRequestMatcher@2820e25b, [org.springframework.security.web.context.request.async.WebAsyncManagerIntegrationFilter@19f6e9d0, org.springframework.security.web.context.SecurityContextPersistenceFilter@1b2680ac, org.springframework.security.web.header.HeaderWriterFilter@406dc379, org.springframework.security.web.authentication.logout.LogoutFilter@79ea85e4, org.springframework.security.web.authentication.www.BasicAuthenticationFilter@7728c9f6, org.springframework.security.web.savedrequest.RequestCacheAwareFilter@3e0f2219, org.springframework.security.web.servletapi.SecurityContextHolderAwareRequestFilter@13a2d02, org.springframework.security.web.authentication.AnonymousAuthenticationFilter@22cf2af7, org.springframework.security.web.session.SessionManagementFilter@22172b4c, org.springframework.security.web.access.ExceptionTranslationFilter@7e4c1e81, org.springframework.security.web.access.intercept.FilterSecurityInterceptor@1cc65a02]
2016-04-02 02:47:17.774  INFO 12439 --- [    Test worker] o.s.s.web.DefaultSecurityFilterChain     : Creating filter chain: org.springframework.security.web.util.matcher.AnyRequestMatcher@1, [org.springframework.security.web.context.request.async.WebAsyncManagerIntegrationFilter@187feaa, org.springframework.security.web.context.SecurityContextPersistenceFilter@78413f2a, org.springframework.security.web.header.HeaderWriterFilter@675caf35, org.springframework.security.web.authentication.logout.LogoutFilter@640c0bce, org.springframework.security.web.authentication.UsernamePasswordAuthenticationFilter@2eae1c42, org.springframework.security.web.savedrequest.RequestCacheAwareFilter@7ccbbdee, org.springframework.security.web.servletapi.SecurityContextHolderAwareRequestFilter@7eec9045, org.springframework.security.web.authentication.AnonymousAuthenticationFilter@48f4e1d3, org.springframework.security.web.session.SessionManagementFilter@478bae38, org.springframework.security.web.access.ExceptionTranslationFilter@7507bcf, org.springframework.security.web.access.intercept.FilterSecurityInterceptor@3fffbcf1]
2016-04-02 02:47:18.036  INFO 12439 --- [    Test worker] s.w.s.m.m.a.RequestMappingHandlerAdapter : Looking for @ControllerAdvice: org.springframework.web.context.support.GenericWebApplicationContext@178607d2: startup date [Sat Apr 02 02:47:08 KST 2016]; root of context hierarchy
2016-04-02 02:47:18.057  INFO 12439 --- [    Test worker] s.w.s.m.m.a.RequestMappingHandlerAdapter : Detected ResponseBodyAdvice bean in org.springframework.boot.actuate.autoconfigure.EndpointWebMvcHypermediaManagementContextConfiguration$ActuatorEndpointLinksAdvice
2016-04-02 02:47:18.160  INFO 12439 --- [    Test worker] s.w.s.m.m.a.RequestMappingHandlerMapping : Mapped "{[/amicommember/list],methods=[GET]}" onto java.util.List<com.amicom.dao.AmicomMember> com.amicom.controller.AmicomMemberController.list()
2016-04-02 02:47:18.162  INFO 12439 --- [    Test worker] s.w.s.m.m.a.RequestMappingHandlerMapping : Mapped "{[/amicommember/insert],methods=[POST]}" onto java.lang.String com.amicom.controller.AmicomMemberController.insert(com.amicom.dao.AmicomMember,org.springframework.validation.BindingResult,org.springframework.ui.Model)
2016-04-02 02:47:18.163  INFO 12439 --- [    Test worker] s.w.s.m.m.a.RequestMappingHandlerMapping : Mapped "{[/amicommember/insert],methods=[GET]}" onto java.lang.String com.amicom.controller.AmicomMemberController.insert(org.springframework.ui.Model)
2016-04-02 02:47:18.164  INFO 12439 --- [    Test worker] s.w.s.m.m.a.RequestMappingHandlerMapping : Mapped "{[/amicommember/loginForm],methods=[GET]}" onto java.lang.String com.amicom.controller.AmicomMemberController.login(org.springframework.ui.Model)
2016-04-02 02:47:18.165  INFO 12439 --- [    Test worker] s.w.s.m.m.a.RequestMappingHandlerMapping : Mapped "{[/amicommember/sendMail],methods=[POST]}" onto java.lang.String com.amicom.controller.AmicomMemberController.sendMail(com.amicom.service.security.LoginUserDetails,com.amicom.controller.form.EmailSendForm)
2016-04-02 02:47:18.166  INFO 12439 --- [    Test worker] s.w.s.m.m.a.RequestMappingHandlerMapping : Mapped "{[/amicommember/board],methods=[GET]}" onto java.lang.String com.amicom.controller.AmicomMemberController.board(org.springframework.ui.Model,com.amicom.service.security.LoginUserDetails)
2016-04-02 02:47:18.167  INFO 12439 --- [    Test worker] s.w.s.m.m.a.RequestMappingHandlerMapping : Mapped "{[/amicommember/confirm/{uuid}],methods=[GET]}" onto java.lang.String com.amicom.controller.AmicomMemberController.confirm(java.lang.String)
2016-04-02 02:47:18.167  INFO 12439 --- [    Test worker] s.w.s.m.m.a.RequestMappingHandlerMapping : Mapped "{[/amicommember/isDuplicate],methods=[GET]}" onto boolean com.amicom.controller.AmicomMemberController.isDulplicate(java.lang.String)
2016-04-02 02:47:18.169  INFO 12439 --- [    Test worker] s.w.s.m.m.a.RequestMappingHandlerMapping : Mapped "{[/boardlist],methods=[GET]}" onto java.util.Map<com.amicom.dao.en.BoardType, java.util.Collection<java.lang.String>> com.amicom.controller.BoarcChartClass.list()
2016-04-02 02:47:18.171  INFO 12439 --- [    Test worker] s.w.s.m.m.a.RequestMappingHandlerMapping : Mapped "{[/compiler/java]}" onto java.lang.String com.amicom.controller.CompilerController.java()
2016-04-02 02:47:18.173  INFO 12439 --- [    Test worker] s.w.s.m.m.a.RequestMappingHandlerMapping : Mapped "{[/compiler/c_language]}" onto java.lang.String com.amicom.controller.CompilerController.c_language()
2016-04-02 02:47:18.176  INFO 12439 --- [    Test worker] s.w.s.m.m.a.RequestMappingHandlerMapping : Mapped "{[/imageboard/read/detail/{boardId}],methods=[GET]}" onto java.util.List<com.amicom.dao.ImageBoard> com.amicom.controller.ImageBoardController.get(int)
2016-04-02 02:47:18.176  INFO 12439 --- [    Test worker] s.w.s.m.m.a.RequestMappingHandlerMapping : Mapped "{[/imageboard/delete],methods=[POST]}" onto java.lang.String com.amicom.controller.ImageBoardController.delete(java.lang.String,int)
2016-04-02 02:47:18.177  INFO 12439 --- [    Test worker] s.w.s.m.m.a.RequestMappingHandlerMapping : Mapped "{[/imageboard/allList/{boardName}],methods=[GET]}" onto java.util.List<com.amicom.dao.ImageBoard> com.amicom.controller.ImageBoardController.list(java.lang.String)
2016-04-02 02:47:18.177  INFO 12439 --- [    Test worker] s.w.s.m.m.a.RequestMappingHandlerMapping : Mapped "{[/imageboard/size/{boardName}],methods=[GET]}" onto java.util.List com.amicom.controller.ImageBoardController.pageSize(java.lang.String)
2016-04-02 02:47:18.178  INFO 12439 --- [    Test worker] s.w.s.m.m.a.RequestMappingHandlerMapping : Mapped "{[/imageboard/insert],methods=[POST]}" onto java.lang.String com.amicom.controller.ImageBoardController.post(com.amicom.controller.form.BoardForm,org.springframework.validation.BindingResult,java.security.Principal)
2016-04-02 02:47:18.179  INFO 12439 --- [    Test worker] s.w.s.m.m.a.RequestMappingHandlerMapping : Mapped "{[/imageboard/board/{boardName}],methods=[GET]}" onto java.lang.String com.amicom.controller.ImageBoardController.pageMove(java.lang.String,java.security.Principal,org.springframework.ui.Model)
2016-04-02 02:47:18.180  INFO 12439 --- [    Test worker] s.w.s.m.m.a.RequestMappingHandlerMapping : Mapped "{[/imageboard/page/{boardName}],methods=[GET]}" onto java.util.List<com.amicom.dao.ImageBoard> com.amicom.controller.ImageBoardController.pageList(java.lang.String,org.springframework.data.domain.Pageable)
2016-04-02 02:47:18.181  INFO 12439 --- [    Test worker] s.w.s.m.m.a.RequestMappingHandlerMapping : Mapped "{[/imageboard/read/{boardId}/{boardName}],methods=[GET]}" onto java.lang.String com.amicom.controller.ImageBoardController.readPageMove(java.lang.String,java.lang.String)
2016-04-02 02:47:18.183  INFO 12439 --- [    Test worker] s.w.s.m.m.a.RequestMappingHandlerMapping : Mapped "{[/imagereply/delete/{replyId}],methods=[DELETE]}" onto java.lang.String com.amicom.controller.ImageReplyController.delete(java.lang.String)
2016-04-02 02:47:18.184  INFO 12439 --- [    Test worker] s.w.s.m.m.a.RequestMappingHandlerMapping : Mapped "{[/imagereply/{boardId}],methods=[POST]}" onto com.amicom.dao.ImageReply com.amicom.controller.ImageReplyController.save(java.lang.String,com.amicom.controller.form.ReplyForm,com.amicom.service.security.LoginUserDetails)
2016-04-02 02:47:18.186  INFO 12439 --- [    Test worker] s.w.s.m.m.a.RequestMappingHandlerMapping : Mapped "{[/imagereply/{boardId}],methods=[GET]}" onto java.util.List<com.amicom.dao.ImageReply> com.amicom.controller.ImageReplyController.replys(java.lang.String,java.security.Principal)
2016-04-02 02:47:18.188  INFO 12439 --- [    Test worker] s.w.s.m.m.a.RequestMappingHandlerMapping : Mapped "{[/index]}" onto java.lang.String com.amicom.controller.IndexController.index(java.security.Principal,org.springframework.ui.Model,com.amicom.service.security.LoginUserDetails)
2016-04-02 02:47:18.195  INFO 12439 --- [    Test worker] s.w.s.m.m.a.RequestMappingHandlerMapping : Mapped "{[/normalboard/read/detail/{boardId}],methods=[GET]}" onto java.util.List<com.amicom.dao.NormalBoard> com.amicom.controller.NormalBoardController.get(int)
2016-04-02 02:47:18.195  INFO 12439 --- [    Test worker] s.w.s.m.m.a.RequestMappingHandlerMapping : Mapped "{[/normalboard/{boardName}],methods=[PUT]}" onto java.lang.String com.amicom.controller.NormalBoardController.put(java.lang.String,com.amicom.dao.NormalBoard)
2016-04-02 02:47:18.196  INFO 12439 --- [    Test worker] s.w.s.m.m.a.RequestMappingHandlerMapping : Mapped "{[/normalboard/delete],methods=[POST]}" onto java.lang.String com.amicom.controller.NormalBoardController.delete(java.lang.String,int)
2016-04-02 02:47:18.197  INFO 12439 --- [    Test worker] s.w.s.m.m.a.RequestMappingHandlerMapping : Mapped "{[/normalboard/allList/{boardName}],methods=[GET]}" onto java.util.List<com.amicom.dao.NormalBoard> com.amicom.controller.NormalBoardController.list(java.lang.String)
2016-04-02 02:47:18.198  INFO 12439 --- [    Test worker] s.w.s.m.m.a.RequestMappingHandlerMapping : Mapped "{[/normalboard/size/{boardName}],methods=[GET]}" onto int com.amicom.controller.NormalBoardController.pageSize(java.lang.String)
2016-04-02 02:47:18.198  INFO 12439 --- [    Test worker] s.w.s.m.m.a.RequestMappingHandlerMapping : Mapped "{[/normalboard/insert],methods=[POST]}" onto java.lang.String com.amicom.controller.NormalBoardController.post(com.amicom.controller.form.BoardForm,org.springframework.validation.BindingResult,java.security.Principal)
2016-04-02 02:47:18.199  INFO 12439 --- [    Test worker] s.w.s.m.m.a.RequestMappingHandlerMapping : Mapped "{[/normalboard/board/{boardName}],methods=[GET]}" onto java.lang.String com.amicom.controller.NormalBoardController.pageMove(com.amicom.service.security.LoginUserDetails,org.springframework.ui.Model,java.security.Principal)
2016-04-02 02:47:18.199  INFO 12439 --- [    Test worker] s.w.s.m.m.a.RequestMappingHandlerMapping : Mapped "{[/normalboard/page/{boardName}],methods=[GET]}" onto java.util.List<com.amicom.dao.NormalBoard> com.amicom.controller.NormalBoardController.pageList(java.lang.String,org.springframework.data.domain.Pageable)
2016-04-02 02:47:18.200  INFO 12439 --- [    Test worker] s.w.s.m.m.a.RequestMappingHandlerMapping : Mapped "{[/normalboard/read/{boardId}/{boardName}],methods=[GET]}" onto java.lang.String com.amicom.controller.NormalBoardController.readPageMove(java.lang.String,java.lang.String)
2016-04-02 02:47:18.201  INFO 12439 --- [    Test worker] s.w.s.m.m.a.RequestMappingHandlerMapping : Mapped "{[/reply/delete/{replyId}],methods=[DELETE]}" onto java.lang.String com.amicom.controller.NormalReplyController.delete(java.lang.String)
2016-04-02 02:47:18.202  INFO 12439 --- [    Test worker] s.w.s.m.m.a.RequestMappingHandlerMapping : Mapped "{[/reply/{boardId}],methods=[POST]}" onto com.amicom.dao.NormalReply com.amicom.controller.NormalReplyController.save(java.lang.String,com.amicom.controller.form.ReplyForm,com.amicom.service.security.LoginUserDetails)
2016-04-02 02:47:18.202  INFO 12439 --- [    Test worker] s.w.s.m.m.a.RequestMappingHandlerMapping : Mapped "{[/reply/{boardId}],methods=[GET]}" onto java.util.List<com.amicom.dao.NormalReply> com.amicom.controller.NormalReplyController.replys(java.lang.String,java.security.Principal)
2016-04-02 02:47:18.204  INFO 12439 --- [    Test worker] s.w.s.m.m.a.RequestMappingHandlerMapping : Mapped "{[/test/maptest]}" onto java.util.Map<java.lang.String, java.util.List<com.amicom.dao.AmicomMember>> com.amicom.controller.TestController.maptest()
2016-04-02 02:47:18.204  INFO 12439 --- [    Test worker] s.w.s.m.m.a.RequestMappingHandlerMapping : Mapped "{[/test/normalboard]}" onto java.util.List<com.amicom.dao.NormalBoard> com.amicom.controller.TestController.getNormalBoard()
2016-04-02 02:47:18.205  INFO 12439 --- [    Test worker] s.w.s.m.m.a.RequestMappingHandlerMapping : Mapped "{[/test/normalboard/size]}" onto int com.amicom.controller.TestController.normalboardSize()
2016-04-02 02:47:18.205  INFO 12439 --- [    Test worker] s.w.s.m.m.a.RequestMappingHandlerMapping : Mapped "{[/test/amicommember]}" onto java.util.List<com.amicom.dao.AmicomMember> com.amicom.controller.TestController.getAmicomMember()
2016-04-02 02:47:18.205  INFO 12439 --- [    Test worker] s.w.s.m.m.a.RequestMappingHandlerMapping : Mapped "{[/test/mail]}" onto java.lang.String com.amicom.controller.TestController.testMail() throws javax.mail.MessagingException
2016-04-02 02:47:18.208  INFO 12439 --- [    Test worker] s.w.s.m.m.a.RequestMappingHandlerMapping : Mapped "{[/error]}" onto public org.springframework.http.ResponseEntity<java.util.Map<java.lang.String, java.lang.Object>> org.springframework.boot.autoconfigure.web.BasicErrorController.error(javax.servlet.http.HttpServletRequest)
2016-04-02 02:47:18.208  INFO 12439 --- [    Test worker] s.w.s.m.m.a.RequestMappingHandlerMapping : Mapped "{[/error],produces=[text/html]}" onto public org.springframework.web.servlet.ModelAndView org.springframework.boot.autoconfigure.web.BasicErrorController.errorHtml(javax.servlet.http.HttpServletRequest,javax.servlet.http.HttpServletResponse)
2016-04-02 02:47:18.263  INFO 12439 --- [    Test worker] o.s.w.s.handler.SimpleUrlHandlerMapping  : Mapped URL path [/webjars/**] onto handler of type [class org.springframework.web.servlet.resource.ResourceHttpRequestHandler]
2016-04-02 02:47:18.263  INFO 12439 --- [    Test worker] o.s.w.s.handler.SimpleUrlHandlerMapping  : Mapped URL path [/**] onto handler of type [class org.springframework.web.servlet.resource.ResourceHttpRequestHandler]
2016-04-02 02:47:18.292  INFO 12439 --- [    Test worker] .m.m.a.ExceptionHandlerExceptionResolver : Detected @ExceptionHandler methods in repositoryRestExceptionHandler
2016-04-02 02:47:18.292  INFO 12439 --- [    Test worker] .m.m.a.ExceptionHandlerExceptionResolver : Detected ResponseBodyAdvice implementation in org.springframework.boot.actuate.autoconfigure.EndpointWebMvcHypermediaManagementContextConfiguration$ActuatorEndpointLinksAdvice
2016-04-02 02:47:18.333  INFO 12439 --- [    Test worker] o.s.w.s.handler.SimpleUrlHandlerMapping  : Mapped URL path [/**/favicon.ico] onto handler of type [class org.springframework.web.servlet.resource.ResourceHttpRequestHandler]
2016-04-02 02:47:20.326  INFO 12439 --- [    Test worker] o.s.d.r.w.RepositoryRestHandlerAdapter   : Looking for @ControllerAdvice: org.springframework.web.context.support.GenericWebApplicationContext@178607d2: startup date [Sat Apr 02 02:47:08 KST 2016]; root of context hierarchy
2016-04-02 02:47:20.333  INFO 12439 --- [    Test worker] o.s.d.r.w.RepositoryRestHandlerAdapter   : Detected ResponseBodyAdvice bean in org.springframework.boot.actuate.autoconfigure.EndpointWebMvcHypermediaManagementContextConfiguration$ActuatorEndpointLinksAdvice
2016-04-02 02:47:20.713  INFO 12439 --- [    Test worker] o.s.d.r.w.RepositoryRestHandlerMapping   : Mapped "{[/{repository}/{id}/{property}],methods=[GET],produces=[application/hal+json || application/json || application/*+json;charset=UTF-8]}" onto public org.springframework.http.ResponseEntity<org.springframework.hateoas.ResourceSupport> org.springframework.data.rest.webmvc.RepositoryPropertyReferenceController.followPropertyReference(org.springframework.data.rest.webmvc.RootResourceInformation,java.io.Serializable,java.lang.String,org.springframework.data.rest.webmvc.PersistentEntityResourceAssembler) throws java.lang.Exception
2016-04-02 02:47:20.713  INFO 12439 --- [    Test worker] o.s.d.r.w.RepositoryRestHandlerMapping   : Mapped "{[/{repository}/{id}/{property}/{propertyId}],methods=[GET],produces=[application/hal+json || application/json || application/*+json;charset=UTF-8]}" onto public org.springframework.http.ResponseEntity<org.springframework.hateoas.ResourceSupport> org.springframework.data.rest.webmvc.RepositoryPropertyReferenceController.followPropertyReference(org.springframework.data.rest.webmvc.RootResourceInformation,java.io.Serializable,java.lang.String,java.lang.String,org.springframework.data.rest.webmvc.PersistentEntityResourceAssembler) throws java.lang.Exception
2016-04-02 02:47:20.714  INFO 12439 --- [    Test worker] o.s.d.r.w.RepositoryRestHandlerMapping   : Mapped "{[/{repository}/{id}/{property}],methods=[DELETE],produces=[application/hal+json || application/json || application/*+json;charset=UTF-8]}" onto public org.springframework.http.ResponseEntity<? extends org.springframework.hateoas.ResourceSupport> org.springframework.data.rest.webmvc.RepositoryPropertyReferenceController.deletePropertyReference(org.springframework.data.rest.webmvc.RootResourceInformation,java.io.Serializable,java.lang.String) throws java.lang.Exception
2016-04-02 02:47:20.714  INFO 12439 --- [    Test worker] o.s.d.r.w.RepositoryRestHandlerMapping   : Mapped "{[/{repository}/{id}/{property}],methods=[GET],produces=[application/x-spring-data-compact+json || text/uri-list]}" onto public org.springframework.http.ResponseEntity<org.springframework.hateoas.ResourceSupport> org.springframework.data.rest.webmvc.RepositoryPropertyReferenceController.followPropertyReferenceCompact(org.springframework.data.rest.webmvc.RootResourceInformation,java.io.Serializable,java.lang.String,org.springframework.data.rest.webmvc.PersistentEntityResourceAssembler) throws java.lang.Exception
2016-04-02 02:47:20.714  INFO 12439 --- [    Test worker] o.s.d.r.w.RepositoryRestHandlerMapping   : Mapped "{[/{repository}/{id}/{property}],methods=[PATCH || PUT || POST],consumes=[application/json || application/x-spring-data-compact+json || text/uri-list],produces=[application/hal+json || application/json || application/*+json;charset=UTF-8]}" onto public org.springframework.http.ResponseEntity<? extends org.springframework.hateoas.ResourceSupport> org.springframework.data.rest.webmvc.RepositoryPropertyReferenceController.createPropertyReference(org.springframework.data.rest.webmvc.RootResourceInformation,org.springframework.http.HttpMethod,org.springframework.hateoas.Resources<java.lang.Object>,java.io.Serializable,java.lang.String) throws java.lang.Exception
2016-04-02 02:47:20.715  INFO 12439 --- [    Test worker] o.s.d.r.w.RepositoryRestHandlerMapping   : Mapped "{[/{repository}/{id}/{property}/{propertyId}],methods=[DELETE],produces=[application/hal+json || application/json || application/*+json;charset=UTF-8]}" onto public org.springframework.http.ResponseEntity<org.springframework.hateoas.ResourceSupport> org.springframework.data.rest.webmvc.RepositoryPropertyReferenceController.deletePropertyReferenceId(org.springframework.data.rest.webmvc.RootResourceInformation,java.io.Serializable,java.lang.String,java.lang.String) throws java.lang.Exception
2016-04-02 02:47:20.718  INFO 12439 --- [    Test worker] o.s.d.r.w.RepositoryRestHandlerMapping   : Mapped "{[/{repository}],methods=[OPTIONS],produces=[application/hal+json || application/json || application/*+json;charset=UTF-8]}" onto public org.springframework.http.ResponseEntity<?> org.springframework.data.rest.webmvc.RepositoryEntityController.optionsForCollectionResource(org.springframework.data.rest.webmvc.RootResourceInformation)
2016-04-02 02:47:20.718  INFO 12439 --- [    Test worker] o.s.d.r.w.RepositoryRestHandlerMapping   : Mapped "{[/{repository}],methods=[HEAD],produces=[application/hal+json || application/json || application/*+json;charset=UTF-8]}" onto public org.springframework.http.ResponseEntity<?> org.springframework.data.rest.webmvc.RepositoryEntityController.headCollectionResource(org.springframework.data.rest.webmvc.RootResourceInformation,org.springframework.data.rest.webmvc.support.DefaultedPageable) throws org.springframework.web.HttpRequestMethodNotSupportedException
2016-04-02 02:47:20.718  INFO 12439 --- [    Test worker] o.s.d.r.w.RepositoryRestHandlerMapping   : Mapped "{[/{repository}],methods=[GET],produces=[application/hal+json || application/json || application/*+json;charset=UTF-8]}" onto public org.springframework.hateoas.Resources<?> org.springframework.data.rest.webmvc.RepositoryEntityController.getCollectionResource(org.springframework.data.rest.webmvc.RootResourceInformation,org.springframework.data.rest.webmvc.support.DefaultedPageable,org.springframework.data.domain.Sort,org.springframework.data.rest.webmvc.PersistentEntityResourceAssembler) throws org.springframework.data.rest.webmvc.ResourceNotFoundException,org.springframework.web.HttpRequestMethodNotSupportedException
2016-04-02 02:47:20.718  INFO 12439 --- [    Test worker] o.s.d.r.w.RepositoryRestHandlerMapping   : Mapped "{[/{repository}],methods=[GET],produces=[application/x-spring-data-compact+json || text/uri-list]}" onto public org.springframework.hateoas.Resources<?> org.springframework.data.rest.webmvc.RepositoryEntityController.getCollectionResourceCompact(org.springframework.data.rest.webmvc.RootResourceInformation,org.springframework.data.rest.webmvc.support.DefaultedPageable,org.springframework.data.domain.Sort,org.springframework.data.rest.webmvc.PersistentEntityResourceAssembler) throws org.springframework.data.rest.webmvc.ResourceNotFoundException,org.springframework.web.HttpRequestMethodNotSupportedException
2016-04-02 02:47:20.719  INFO 12439 --- [    Test worker] o.s.d.r.w.RepositoryRestHandlerMapping   : Mapped "{[/{repository}],methods=[POST],produces=[application/hal+json || application/json || application/*+json;charset=UTF-8]}" onto public org.springframework.http.ResponseEntity<org.springframework.hateoas.ResourceSupport> org.springframework.data.rest.webmvc.RepositoryEntityController.postCollectionResource(org.springframework.data.rest.webmvc.RootResourceInformation,org.springframework.data.rest.webmvc.PersistentEntityResource,org.springframework.data.rest.webmvc.PersistentEntityResourceAssembler,java.lang.String) throws org.springframework.web.HttpRequestMethodNotSupportedException
2016-04-02 02:47:20.719  INFO 12439 --- [    Test worker] o.s.d.r.w.RepositoryRestHandlerMapping   : Mapped "{[/{repository}/{id}],methods=[OPTIONS],produces=[application/hal+json || application/json || application/*+json;charset=UTF-8]}" onto public org.springframework.http.ResponseEntity<?> org.springframework.data.rest.webmvc.RepositoryEntityController.optionsForItemResource(org.springframework.data.rest.webmvc.RootResourceInformation)
2016-04-02 02:47:20.719  INFO 12439 --- [    Test worker] o.s.d.r.w.RepositoryRestHandlerMapping   : Mapped "{[/{repository}/{id}],methods=[HEAD],produces=[application/hal+json || application/json || application/*+json;charset=UTF-8]}" onto public org.springframework.http.ResponseEntity<?> org.springframework.data.rest.webmvc.RepositoryEntityController.headForItemResource(org.springframework.data.rest.webmvc.RootResourceInformation,java.io.Serializable,org.springframework.data.rest.webmvc.PersistentEntityResourceAssembler) throws org.springframework.web.HttpRequestMethodNotSupportedException
2016-04-02 02:47:20.720  INFO 12439 --- [    Test worker] o.s.d.r.w.RepositoryRestHandlerMapping   : Mapped "{[/{repository}/{id}],methods=[GET],produces=[application/hal+json || application/json || application/*+json;charset=UTF-8]}" onto public org.springframework.http.ResponseEntity<org.springframework.hateoas.Resource<?>> org.springframework.data.rest.webmvc.RepositoryEntityController.getItemResource(org.springframework.data.rest.webmvc.RootResourceInformation,java.io.Serializable,org.springframework.data.rest.webmvc.PersistentEntityResourceAssembler,org.springframework.util.MultiValueMap<java.lang.String, java.lang.String>) throws org.springframework.web.HttpRequestMethodNotSupportedException
2016-04-02 02:47:20.720  INFO 12439 --- [    Test worker] o.s.d.r.w.RepositoryRestHandlerMapping   : Mapped "{[/{repository}/{id}],methods=[PUT],produces=[application/hal+json || application/json || application/*+json;charset=UTF-8]}" onto public org.springframework.http.ResponseEntity<? extends org.springframework.hateoas.ResourceSupport> org.springframework.data.rest.webmvc.RepositoryEntityController.putItemResource(org.springframework.data.rest.webmvc.RootResourceInformation,org.springframework.data.rest.webmvc.PersistentEntityResource,java.io.Serializable,org.springframework.data.rest.webmvc.PersistentEntityResourceAssembler,org.springframework.data.rest.webmvc.support.ETag,java.lang.String) throws org.springframework.web.HttpRequestMethodNotSupportedException
2016-04-02 02:47:20.721  INFO 12439 --- [    Test worker] o.s.d.r.w.RepositoryRestHandlerMapping   : Mapped "{[/{repository}/{id}],methods=[PATCH],produces=[application/hal+json || application/json || application/*+json;charset=UTF-8]}" onto public org.springframework.http.ResponseEntity<org.springframework.hateoas.ResourceSupport> org.springframework.data.rest.webmvc.RepositoryEntityController.patchItemResource(org.springframework.data.rest.webmvc.RootResourceInformation,org.springframework.data.rest.webmvc.PersistentEntityResource,java.io.Serializable,org.springframework.data.rest.webmvc.PersistentEntityResourceAssembler,org.springframework.data.rest.webmvc.support.ETag,java.lang.String) throws org.springframework.web.HttpRequestMethodNotSupportedException,org.springframework.data.rest.webmvc.ResourceNotFoundException
2016-04-02 02:47:20.722  INFO 12439 --- [    Test worker] o.s.d.r.w.RepositoryRestHandlerMapping   : Mapped "{[/{repository}/{id}],methods=[DELETE],produces=[application/hal+json || application/json || application/*+json;charset=UTF-8]}" onto public org.springframework.http.ResponseEntity<?> org.springframework.data.rest.webmvc.RepositoryEntityController.deleteItemResource(org.springframework.data.rest.webmvc.RootResourceInformation,java.io.Serializable,org.springframework.data.rest.webmvc.support.ETag) throws org.springframework.data.rest.webmvc.ResourceNotFoundException,org.springframework.web.HttpRequestMethodNotSupportedException
2016-04-02 02:47:20.723  INFO 12439 --- [    Test worker] o.s.d.r.w.RepositoryRestHandlerMapping   : Mapped "{[/ || ],methods=[HEAD],produces=[application/hal+json || application/json || application/*+json;charset=UTF-8]}" onto public org.springframework.http.ResponseEntity<?> org.springframework.data.rest.webmvc.RepositoryController.headForRepositories()
2016-04-02 02:47:20.723  INFO 12439 --- [    Test worker] o.s.d.r.w.RepositoryRestHandlerMapping   : Mapped "{[/ || ],methods=[OPTIONS],produces=[application/hal+json || application/json || application/*+json;charset=UTF-8]}" onto public org.springframework.http.HttpEntity<?> org.springframework.data.rest.webmvc.RepositoryController.optionsForRepositories()
2016-04-02 02:47:20.725  INFO 12439 --- [    Test worker] o.s.d.r.w.RepositoryRestHandlerMapping   : Mapped "{[/ || ],methods=[GET],produces=[application/hal+json || application/json || application/*+json;charset=UTF-8]}" onto public org.springframework.http.HttpEntity<org.springframework.data.rest.webmvc.RepositoryLinksResource> org.springframework.data.rest.webmvc.RepositoryController.listRepositories()
2016-04-02 02:47:20.726  INFO 12439 --- [    Test worker] o.s.d.r.w.RepositoryRestHandlerMapping   : Mapped "{[/{repository}/search],methods=[HEAD],produces=[application/hal+json || application/json || application/*+json;charset=UTF-8]}" onto public org.springframework.http.HttpEntity<?> org.springframework.data.rest.webmvc.RepositorySearchController.headForSearches(org.springframework.data.rest.webmvc.RootResourceInformation)
2016-04-02 02:47:20.727  INFO 12439 --- [    Test worker] o.s.d.r.w.RepositoryRestHandlerMapping   : Mapped "{[/{repository}/search],methods=[GET],produces=[application/hal+json || application/json || application/*+json;charset=UTF-8]}" onto public org.springframework.data.rest.webmvc.RepositorySearchesResource org.springframework.data.rest.webmvc.RepositorySearchController.listSearches(org.springframework.data.rest.webmvc.RootResourceInformation)
2016-04-02 02:47:20.727  INFO 12439 --- [    Test worker] o.s.d.r.w.RepositoryRestHandlerMapping   : Mapped "{[/{repository}/search],methods=[OPTIONS],produces=[application/hal+json || application/json || application/*+json;charset=UTF-8]}" onto public org.springframework.http.HttpEntity<?> org.springframework.data.rest.webmvc.RepositorySearchController.optionsForSearches(org.springframework.data.rest.webmvc.RootResourceInformation)
2016-04-02 02:47:20.728  INFO 12439 --- [    Test worker] o.s.d.r.w.RepositoryRestHandlerMapping   : Mapped "{[/{repository}/search/{search}],methods=[GET],produces=[application/hal+json || application/json || application/*+json;charset=UTF-8]}" onto public org.springframework.http.ResponseEntity<java.lang.Object> org.springframework.data.rest.webmvc.RepositorySearchController.executeSearch(org.springframework.data.rest.webmvc.RootResourceInformation,org.springframework.util.MultiValueMap<java.lang.String, java.lang.Object>,java.lang.String,org.springframework.data.rest.webmvc.support.DefaultedPageable,org.springframework.data.domain.Sort,org.springframework.data.rest.webmvc.PersistentEntityResourceAssembler)
2016-04-02 02:47:20.728  INFO 12439 --- [    Test worker] o.s.d.r.w.RepositoryRestHandlerMapping   : Mapped "{[/{repository}/search/{search}],methods=[GET],produces=[application/x-spring-data-compact+json]}" onto public org.springframework.hateoas.ResourceSupport org.springframework.data.rest.webmvc.RepositorySearchController.executeSearchCompact(org.springframework.data.rest.webmvc.RootResourceInformation,org.springframework.util.MultiValueMap<java.lang.String, java.lang.Object>,java.lang.String,java.lang.String,org.springframework.data.rest.webmvc.support.DefaultedPageable,org.springframework.data.domain.Sort,org.springframework.data.rest.webmvc.PersistentEntityResourceAssembler)
2016-04-02 02:47:20.729  INFO 12439 --- [    Test worker] o.s.d.r.w.RepositoryRestHandlerMapping   : Mapped "{[/{repository}/search/{search}],methods=[OPTIONS],produces=[application/hal+json || application/json || application/*+json;charset=UTF-8]}" onto public org.springframework.http.ResponseEntity<java.lang.Object> org.springframework.data.rest.webmvc.RepositorySearchController.optionsForSearch(org.springframework.data.rest.webmvc.RootResourceInformation,java.lang.String)
2016-04-02 02:47:20.729  INFO 12439 --- [    Test worker] o.s.d.r.w.RepositoryRestHandlerMapping   : Mapped "{[/{repository}/search/{search}],methods=[HEAD],produces=[application/hal+json || application/json || application/*+json;charset=UTF-8]}" onto public org.springframework.http.ResponseEntity<java.lang.Object> org.springframework.data.rest.webmvc.RepositorySearchController.headForSearch(org.springframework.data.rest.webmvc.RootResourceInformation,java.lang.String)
2016-04-02 02:47:20.735  INFO 12439 --- [    Test worker] o.s.d.r.w.BasePathAwareHandlerMapping    : Mapped "{[/profile/{repository}],methods=[GET],produces=[application/schema+json]}" onto public org.springframework.http.HttpEntity<org.springframework.data.rest.webmvc.json.JsonSchema> org.springframework.data.rest.webmvc.RepositorySchemaController.schema(org.springframework.data.rest.webmvc.RootResourceInformation)
2016-04-02 02:47:20.736  INFO 12439 --- [    Test worker] o.s.d.r.w.BasePathAwareHandlerMapping    : Mapped "{[/profile/{repository}],methods=[OPTIONS],produces=[application/alps+json]}" onto org.springframework.http.HttpEntity<?> org.springframework.data.rest.webmvc.alps.AlpsController.alpsOptions()
2016-04-02 02:47:20.737  INFO 12439 --- [    Test worker] o.s.d.r.w.BasePathAwareHandlerMapping    : Mapped "{[/profile/{repository}],methods=[GET],produces=[application/alps+json || */*]}" onto org.springframework.http.HttpEntity<org.springframework.data.rest.webmvc.RootResourceInformation> org.springframework.data.rest.webmvc.alps.AlpsController.descriptor(org.springframework.data.rest.webmvc.RootResourceInformation)
2016-04-02 02:47:20.738  INFO 12439 --- [    Test worker] o.s.d.r.w.BasePathAwareHandlerMapping    : Mapped "{[/profile],methods=[OPTIONS]}" onto public org.springframework.http.HttpEntity<?> org.springframework.data.rest.webmvc.ProfileController.profileOptions()
2016-04-02 02:47:20.739  INFO 12439 --- [    Test worker] o.s.d.r.w.BasePathAwareHandlerMapping    : Mapped "{[/profile],methods=[GET]}" onto org.springframework.http.HttpEntity<org.springframework.hateoas.ResourceSupport> org.springframework.data.rest.webmvc.ProfileController.listAllFormsOfMetadata()
2016-04-02 02:47:20.763  INFO 12439 --- [    Test worker] .m.m.a.ExceptionHandlerExceptionResolver : Detected @ExceptionHandler methods in repositoryRestExceptionHandler
2016-04-02 02:47:20.763  INFO 12439 --- [    Test worker] .m.m.a.ExceptionHandlerExceptionResolver : Detected ResponseBodyAdvice implementation in org.springframework.boot.actuate.autoconfigure.EndpointWebMvcHypermediaManagementContextConfiguration$ActuatorEndpointLinksAdvice
2016-04-02 02:47:20.876  INFO 12439 --- [    Test worker] o.s.b.a.e.mvc.EndpointHandlerMapping     : Mapped "{[/configprops || /configprops.json],methods=[GET],produces=[application/json]}" onto public java.lang.Object org.springframework.boot.actuate.endpoint.mvc.EndpointMvcAdapter.invoke()
2016-04-02 02:47:20.877  INFO 12439 --- [    Test worker] o.s.b.a.e.mvc.EndpointHandlerMapping     : Mapped "{[/mappings || /mappings.json],methods=[GET],produces=[application/json]}" onto public java.lang.Object org.springframework.boot.actuate.endpoint.mvc.EndpointMvcAdapter.invoke()
2016-04-02 02:47:20.878  INFO 12439 --- [    Test worker] o.s.b.a.e.mvc.EndpointHandlerMapping     : Mapped "{[/trace || /trace.json],methods=[GET],produces=[application/json]}" onto public java.lang.Object org.springframework.boot.actuate.endpoint.mvc.EndpointMvcAdapter.invoke()
2016-04-02 02:47:20.879  INFO 12439 --- [    Test worker] o.s.b.a.e.mvc.EndpointHandlerMapping     : Mapped "{[/dump || /dump.json],methods=[GET],produces=[application/json]}" onto public java.lang.Object org.springframework.boot.actuate.endpoint.mvc.EndpointMvcAdapter.invoke()
2016-04-02 02:47:20.887  INFO 12439 --- [    Test worker] o.s.b.a.e.mvc.EndpointHandlerMapping     : Mapped "{[/actuator || /actuator.json],produces=[application/json]}" onto public org.springframework.hateoas.ResourceSupport org.springframework.boot.actuate.endpoint.mvc.HalJsonMvcEndpoint.links()
2016-04-02 02:47:20.888  INFO 12439 --- [    Test worker] o.s.b.a.e.mvc.EndpointHandlerMapping     : Mapped "{[/health || /health.json],produces=[application/json]}" onto public java.lang.Object org.springframework.boot.actuate.endpoint.mvc.HealthMvcEndpoint.invoke(java.security.Principal)
2016-04-02 02:47:20.888  INFO 12439 --- [    Test worker] o.s.b.a.e.mvc.EndpointHandlerMapping     : Mapped "{[/info || /info.json],methods=[GET],produces=[application/json]}" onto public java.lang.Object org.springframework.boot.actuate.endpoint.mvc.EndpointMvcAdapter.invoke()
2016-04-02 02:47:20.889  INFO 12439 --- [    Test worker] o.s.b.a.e.mvc.EndpointHandlerMapping     : Mapped "{[/env/{name:.*}],methods=[GET],produces=[application/json]}" onto public java.lang.Object org.springframework.boot.actuate.endpoint.mvc.EnvironmentMvcEndpoint.value(java.lang.String)
2016-04-02 02:47:20.890  INFO 12439 --- [    Test worker] o.s.b.a.e.mvc.EndpointHandlerMapping     : Mapped "{[/env || /env.json],methods=[GET],produces=[application/json]}" onto public java.lang.Object org.springframework.boot.actuate.endpoint.mvc.EndpointMvcAdapter.invoke()
2016-04-02 02:47:20.892  INFO 12439 --- [    Test worker] o.s.b.a.e.mvc.EndpointHandlerMapping     : Mapped "{[/metrics/{name:.*}],methods=[GET],produces=[application/json]}" onto public java.lang.Object org.springframework.boot.actuate.endpoint.mvc.MetricsMvcEndpoint.value(java.lang.String)
2016-04-02 02:47:20.893  INFO 12439 --- [    Test worker] o.s.b.a.e.mvc.EndpointHandlerMapping     : Mapped "{[/metrics || /metrics.json],methods=[GET],produces=[application/json]}" onto public java.lang.Object org.springframework.boot.actuate.endpoint.mvc.EndpointMvcAdapter.invoke()
2016-04-02 02:47:20.894  INFO 12439 --- [    Test worker] o.s.b.a.e.mvc.EndpointHandlerMapping     : Mapped "{[/autoconfig || /autoconfig.json],methods=[GET],produces=[application/json]}" onto public java.lang.Object org.springframework.boot.actuate.endpoint.mvc.EndpointMvcAdapter.invoke()
2016-04-02 02:47:20.895  INFO 12439 --- [    Test worker] o.s.b.a.e.mvc.EndpointHandlerMapping     : Mapped "{[/beans || /beans.json],methods=[GET],produces=[application/json]}" onto public java.lang.Object org.springframework.boot.actuate.endpoint.mvc.EndpointMvcAdapter.invoke()
2016-04-02 02:47:21.332  INFO 12439 --- [    Test worker] c.amicom.AmicomHomepageApplicationTests  : Started AmicomHomepageApplicationTests in 13.607 seconds (JVM running for 14.927)
]]></system-out>
  <system-err><![CDATA[Sat Apr 02 02:47:12 KST 2016 WARN: Establishing SSL connection without server's identity verification is not recommended. According to MySQL 5.5.45+, 5.6.26+ and 5.7.6+ requirements SSL connection must be established by default if explicit option isn't set. For compliance with existing applications not using SSL the verifyServerCertificate property is set to 'false'. You need either to explicitly disable SSL by setting useSSL=false, or set useSSL=true and provide truststore for server certificate verification.
Sat Apr 02 02:47:13 KST 2016 WARN: Establishing SSL connection without server's identity verification is not recommended. According to MySQL 5.5.45+, 5.6.26+ and 5.7.6+ requirements SSL connection must be established by default if explicit option isn't set. For compliance with existing applications not using SSL the verifyServerCertificate property is set to 'false'. You need either to explicitly disable SSL by setting useSSL=false, or set useSSL=true and provide truststore for server certificate verification.
Sat Apr 02 02:47:13 KST 2016 WARN: Establishing SSL connection without server's identity verification is not recommended. According to MySQL 5.5.45+, 5.6.26+ and 5.7.6+ requirements SSL connection must be established by default if explicit option isn't set. For compliance with existing applications not using SSL the verifyServerCertificate property is set to 'false'. You need either to explicitly disable SSL by setting useSSL=false, or set useSSL=true and provide truststore for server certificate verification.
Sat Apr 02 02:47:13 KST 2016 WARN: Establishing SSL connection without server's identity verification is not recommended. According to MySQL 5.5.45+, 5.6.26+ and 5.7.6+ requirements SSL connection must be established by default if explicit option isn't set. For compliance with existing applications not using SSL the verifyServerCertificate property is set to 'false'. You need either to explicitly disable SSL by setting useSSL=false, or set useSSL=true and provide truststore for server certificate verification.
Sat Apr 02 02:47:13 KST 2016 WARN: Establishing SSL connection without server's identity verification is not recommended. According to MySQL 5.5.45+, 5.6.26+ and 5.7.6+ requirements SSL connection must be established by default if explicit option isn't set. For compliance with existing applications not using SSL the verifyServerCertificate property is set to 'false'. You need either to explicitly disable SSL by setting useSSL=false, or set useSSL=true and provide truststore for server certificate verification.
Sat Apr 02 02:47:13 KST 2016 WARN: Establishing SSL connection without server's identity verification is not recommended. According to MySQL 5.5.45+, 5.6.26+ and 5.7.6+ requirements SSL connection must be established by default if explicit option isn't set. For compliance with existing applications not using SSL the verifyServerCertificate property is set to 'false'. You need either to explicitly disable SSL by setting useSSL=false, or set useSSL=true and provide truststore for server certificate verification.
Sat Apr 02 02:47:13 KST 2016 WARN: Establishing SSL connection without server's identity verification is not recommended. According to MySQL 5.5.45+, 5.6.26+ and 5.7.6+ requirements SSL connection must be established by default if explicit option isn't set. For compliance with existing applications not using SSL the verifyServerCertificate property is set to 'false'. You need either to explicitly disable SSL by setting useSSL=false, or set useSSL=true and provide truststore for server certificate verification.
Sat Apr 02 02:47:13 KST 2016 WARN: Establishing SSL connection without server's identity verification is not recommended. According to MySQL 5.5.45+, 5.6.26+ and 5.7.6+ requirements SSL connection must be established by default if explicit option isn't set. For compliance with existing applications not using SSL the verifyServerCertificate property is set to 'false'. You need either to explicitly disable SSL by setting useSSL=false, or set useSSL=true and provide truststore for server certificate verification.
Sat Apr 02 02:47:13 KST 2016 WARN: Establishing SSL connection without server's identity verification is not recommended. According to MySQL 5.5.45+, 5.6.26+ and 5.7.6+ requirements SSL connection must be established by default if explicit option isn't set. For compliance with existing applications not using SSL the verifyServerCertificate property is set to 'false'. You need either to explicitly disable SSL by setting useSSL=false, or set useSSL=true and provide truststore for server certificate verification.
Sat Apr 02 02:47:13 KST 2016 WARN: Establishing SSL connection without server's identity verification is not recommended. According to MySQL 5.5.45+, 5.6.26+ and 5.7.6+ requirements SSL connection must be established by default if explicit option isn't set. For compliance with existing applications not using SSL the verifyServerCertificate property is set to 'false'. You need either to explicitly disable SSL by setting useSSL=false, or set useSSL=true and provide truststore for server certificate verification.
]]></system-err>
</testsuite>
